{"numTotalTestSuites":209,"numPassedTestSuites":209,"numFailedTestSuites":0,"numPendingTestSuites":0,"numTotalTests":698,"numPassedTests":698,"numFailedTests":0,"numPendingTests":0,"numTodoTests":0,"snapshot":{"added":0,"failure":false,"filesAdded":0,"filesRemoved":0,"filesRemovedList":[],"filesUnmatched":0,"filesUpdated":0,"matched":0,"total":0,"unchecked":0,"uncheckedKeysByFile":[],"unmatched":0,"updated":0,"didUpdate":false},"startTime":1789753086344,"success":true,"testResults":[{"assertionResults":[{"ancestorTitles":["دفترکل"],"fullName":"دفترکل سندِ تراز ثبت می‌شود و شماره می‌گیرد","status":"passed","title":"سندِ تراز ثبت می‌شود و شماره می‌گیرد","duration":3075.444477,"failureMessages":[],"meta":{}},{"ancestorTitles":["دفترکل"],"fullName":"دفترکل سندِ غیرتراز هرگز ثبت نمی‌شود","status":"passed","title":"سندِ غیرتراز هرگز ثبت نمی‌شود","duration":2025.2591310000003,"failureMessages":[],"meta":{}},{"ancestorTitles":["دفترکل"],"fullName":"دفترکل یک ردیف نمی‌تواند هم‌زمان بدهکار و بستانکار باشد","status":"passed","title":"یک ردیف نمی‌تواند هم‌زمان بدهکار و بستانکار باشد","duration":2186.741846,"failureMessages":[],"meta":{}},{"ancestorTitles":["دفترکل"],"fullName":"دفترکل حسابِ تعریف‌نشده رد می‌شود","status":"passed","title":"حسابِ تعریف‌نشده رد می‌شود","duration":2164.1529820000005,"failureMessages":[],"meta":{}},{"ancestorTitles":["دفترکل"],"fullName":"دفترکل برگشتِ سند، حذف نمی‌کند بلکه معکوس ثبت می‌کند","status":"passed","title":"برگشتِ سند، حذف نمی‌کند بلکه معکوس ثبت می‌کند","duration":2228.90525,"failureMessages":[],"meta":{}},{"ancestorTitles":["فاکتورِ خرید و بهای تمام‌شده"],"fullName":"فاکتورِ خرید و بهای تمام‌شده ورودِ کالا، موجودی و بدهیِ تأمین‌کننده را ثبت می‌کند","status":"passed","title":"ورودِ کالا، موجودی و بدهیِ تأمین‌کننده را ثبت می‌کند","duration":2222.7230039999995,"failureMessages":[],"meta":{}},{"ancestorTitles":["فاکتورِ خرید و بهای تمام‌شده"],"fullName":"فاکتورِ خرید و بهای تمام‌شده هزینه‌های جانبی بین ردیف‌ها توزیع می‌شود و هیچ ریالی باقی نمی‌ماند","status":"passed","title":"هزینه‌های جانبی بین ردیف‌ها توزیع می‌شود و هیچ ریالی باقی نمی‌ماند","duration":2181.820236999998,"failureMessages":[],"meta":{}},{"ancestorTitles":["فاکتورِ خرید و بهای تمام‌شده"],"fullName":"فاکتورِ خرید و بهای تمام‌شده بهای میانگینِ موزون پس از خریدِ دوم به‌روز می‌شود","status":"passed","title":"بهای میانگینِ موزون پس از خریدِ دوم به‌روز می‌شود","duration":2112.8116850000006,"failureMessages":[],"meta":{}},{"ancestorTitles":["فاکتورِ خرید و بهای تمام‌شده"],"fullName":"فاکتورِ خرید و بهای تمام‌شده فاکتورِ خرید، حرکتِ انبار از نوع purchase ثبت می‌کند","status":"passed","title":"فاکتورِ خرید، حرکتِ انبار از نوع purchase ثبت می‌کند","duration":2160.061017,"failureMessages":[],"meta":{}},{"ancestorTitles":["ارزش افزوده (ایران)"],"fullName":"ارزش افزوده (ایران) ارزش افزوده به بهای کالا اضافه نمی‌شود، فقط به بدهی","status":"passed","title":"ارزش افزوده به بهای کالا اضافه نمی‌شود، فقط به بدهی","duration":2158.198755999998,"failureMessages":[],"meta":{}},{"ancestorTitles":["ارزش افزوده (ایران)"],"fullName":"ارزش افزوده (ایران) ارزش افزوده در حسابِ «اعتبارِ مالیاتی» (۱۳۰۰) بدهکار می‌شود","status":"passed","title":"ارزش افزوده در حسابِ «اعتبارِ مالیاتی» (۱۳۰۰) بدهکار می‌شود","duration":2068.731307000002,"failureMessages":[],"meta":{}},{"ancestorTitles":["ارزش افزوده (ایران)"],"fullName":"ارزش افزوده (ایران) ارزش افزوده، بهای میانگینِ موزون را تغییر نمی‌دهد","status":"passed","title":"ارزش افزوده، بهای میانگینِ موزون را تغییر نمی‌دهد","duration":2063.171349,"failureMessages":[],"meta":{}},{"ancestorTitles":["ارزش افزوده (ایران)"],"fullName":"ارزش افزوده (ایران) ارزش افزوده بین ردیف‌ها توزیع می‌شود و هیچ ریالی از بین نمی‌رود","status":"passed","title":"ارزش افزوده بین ردیف‌ها توزیع می‌شود و هیچ ریالی از بین نمی‌رود","duration":2089.9300159999984,"failureMessages":[],"meta":{}},{"ancestorTitles":["هویتِ ایرانیِ تأمین‌کننده و جلوگیری از ثبتِ تکراری"],"fullName":"هویتِ ایرانیِ تأمین‌کننده و جلوگیری از ثبتِ تکراری شناسه‌ی ملیِ نامعتبر رد می‌شود","status":"passed","title":"شناسه‌ی ملیِ نامعتبر رد می‌شود","duration":1980.090533999999,"failureMessages":[],"meta":{}},{"ancestorTitles":["هویتِ ایرانیِ تأمین‌کننده و جلوگیری از ثبتِ تکراری"],"fullName":"هویتِ ایرانیِ تأمین‌کننده و جلوگیری از ثبتِ تکراری شناسه‌ی ملیِ معتبر با ارقامِ فارسی هم پذیرفته می‌شود","status":"passed","title":"شناسه‌ی ملیِ معتبر با ارقامِ فارسی هم پذیرفته می‌شود","duration":2083.0867529999996,"failureMessages":[],"meta":{}},{"ancestorTitles":["هویتِ ایرانیِ تأمین‌کننده و جلوگیری از ثبتِ تکراری"],"fullName":"هویتِ ایرانیِ تأمین‌کننده و جلوگیری از ثبتِ تکراری ثبتِ دوباره‌ی همان فاکتورِ تأمین‌کننده با ۴۰۹ رد می‌شود","status":"passed","title":"ثبتِ دوباره‌ی همان فاکتورِ تأمین‌کننده با ۴۰۹ رد می‌شود","duration":2215.7322280000008,"failureMessages":[],"meta":{}},{"ancestorTitles":["هویتِ ایرانیِ تأمین‌کننده و جلوگیری از ثبتِ تکراری"],"fullName":"هویتِ ایرانیِ تأمین‌کننده و جلوگیری از ثبتِ تکراری بدونِ شناسه‌ی ملی، ثبتِ تکراری محدود نمی‌شود اما فاکتور ثبت می‌گردد","status":"passed","title":"بدونِ شناسه‌ی ملی، ثبتِ تکراری محدود نمی‌شود اما فاکتور ثبت می‌گردد","duration":1923.527304000003,"failureMessages":[],"meta":{}},{"ancestorTitles":["هویتِ ایرانیِ تأمین‌کننده و جلوگیری از ثبتِ تکراری"],"fullName":"هویتِ ایرانیِ تأمین‌کننده و جلوگیری از ثبتِ تکراری شماره‌ی فاکتور بدونِ شناسه‌ی ملی پذیرفته نیست","status":"passed","title":"شماره‌ی فاکتور بدونِ شناسه‌ی ملی پذیرفته نیست","duration":1879.8918699999995,"failureMessages":[],"meta":{}},{"ancestorTitles":["سندِ فروش (پیوندِ انبار و دفترکل)"],"fullName":"سندِ فروش (پیوندِ انبار و دفترکل) فروش، درآمد + ارزش افزوده + بهای کالای فروخته‌شده ثبت می‌کند","status":"passed","title":"فروش، درآمد + ارزش افزوده + بهای کالای فروخته‌شده ثبت می‌کند","duration":2066.9545639999997,"failureMessages":[],"meta":{}},{"ancestorTitles":["سندِ فروش (پیوندِ انبار و دفترکل)"],"fullName":"سندِ فروش (پیوندِ انبار و دفترکل) ارزشِ موجودیِ حسابداری به اندازه‌ی فروش کم می‌شود","status":"passed","title":"ارزشِ موجودیِ حسابداری به اندازه‌ی فروش کم می‌شود","duration":2154.9150609999997,"failureMessages":[],"meta":{}},{"ancestorTitles":["سندِ فروش (پیوندِ انبار و دفترکل)"],"fullName":"سندِ فروش (پیوندِ انبار و دفترکل) فروش، بهای میانگین را تغییر نمی‌دهد (فروش قیمتی ندارد)","status":"passed","title":"فروش، بهای میانگین را تغییر نمی‌دهد (فروش قیمتی ندارد)","duration":2090.0634409999984,"failureMessages":[],"meta":{}},{"ancestorTitles":["سود و زیان"],"fullName":"سود و زیان بهای کالای فروخته‌شده فقط یک‌بار از درآمد کسر می‌شود","status":"passed","title":"بهای کالای فروخته‌شده فقط یک‌بار از درآمد کسر می‌شود","duration":2059.0188789999956,"failureMessages":[],"meta":{}},{"ancestorTitles":["سود و زیان"],"fullName":"سود و زیان هزینه‌ی عملیاتی از سودِ ناخالص کم می‌شود","status":"passed","title":"هزینه‌ی عملیاتی از سودِ ناخالص کم می‌شود","duration":1891.4736219999977,"failureMessages":[],"meta":{}},{"ancestorTitles":["سود و زیان"],"fullName":"سود و زیان گزارشِ دوره فقط اسنادِ همان دوره را می‌بیند","status":"passed","title":"گزارشِ دوره فقط اسنادِ همان دوره را می‌بیند","duration":2075.9072989999986,"failureMessages":[],"meta":{}}],"startTime":1789753281796,"endTime":1789753332958.9072,"status":"passed","message":"","name":"/home/user/set-shop/packages/accounting/src/accounting.test.ts"},{"assertionResults":[{"ancestorTitles":["رمز عبور"],"fullName":"رمز عبور درهمه‌سازی و تأیید کار می‌کند و رمزِ اشتباه را رد می‌کند","status":"passed","title":"درهمه‌سازی و تأیید کار می‌کند و رمزِ اشتباه را رد می‌کند","duration":139.88644000000022,"failureMessages":[],"meta":{}},{"ancestorTitles":["رمز عبور"],"fullName":"رمز عبور هر بار نمکِ متفاوت تولید می‌شود (دو درهمه‌ی یک رمز یکسان نیستند)","status":"passed","title":"هر بار نمکِ متفاوت تولید می‌شود (دو درهمه‌ی یک رمز یکسان نیستند)","duration":68.79538000000002,"failureMessages":[],"meta":{}},{"ancestorTitles":["رمز یکبارمصرف (TOTP)"],"fullName":"رمز یکبارمصرف (TOTP) کدِ تولیدشده معتبر است و کدِ اشتباه رد می‌شود","status":"passed","title":"کدِ تولیدشده معتبر است و کدِ اشتباه رد می‌شود","duration":3.347896999999648,"failureMessages":[],"meta":{}},{"ancestorTitles":["رمز یکبارمصرف (TOTP)"],"fullName":"رمز یکبارمصرف (TOTP) کدِ مربوط به ۵ دقیقه پیش پذیرفته نمی‌شود","status":"passed","title":"کدِ مربوط به ۵ دقیقه پیش پذیرفته نمی‌شود","duration":1.7636050000000978,"failureMessages":[],"meta":{}},{"ancestorTitles":["رمز یکبارمصرف (TOTP)"],"fullName":"رمز یکبارمصرف (TOTP) Base32 رفت و برگشت دارد","status":"passed","title":"Base32 رفت و برگشت دارد","duration":1.9538480000001073,"failureMessages":[],"meta":{}},{"ancestorTitles":["ثبت‌نام و ورود"],"fullName":"ثبت‌نام و ورود ثبت‌نام با موبایلِ ایرانی و صدور توکن","status":"passed","title":"ثبت‌نام با موبایلِ ایرانی و صدور توکن","duration":60.00450099999989,"failureMessages":[],"meta":{}},{"ancestorTitles":["ثبت‌نام و ورود"],"fullName":"ثبت‌نام و ورود شماره تکراری رد می‌شود","status":"passed","title":"شماره تکراری رد می‌شود","duration":85.39252499999975,"failureMessages":[],"meta":{}},{"ancestorTitles":["ثبت‌نام و ورود"],"fullName":"ثبت‌نام و ورود قالبِ موبایل و کوتاهیِ رمز بررسی می‌شود","status":"passed","title":"قالبِ موبایل و کوتاهیِ رمز بررسی می‌شود","duration":1.8606839999997646,"failureMessages":[],"meta":{}},{"ancestorTitles":["ثبت‌نام و ورود"],"fullName":"ثبت‌نام و ورود ورود با رمزِ درست موفق و با رمزِ غلط ناموفق است","status":"passed","title":"ورود با رمزِ درست موفق و با رمزِ غلط ناموفق است","duration":122.49849899999981,"failureMessages":[],"meta":{}},{"ancestorTitles":["ثبت‌نام و ورود"],"fullName":"ثبت‌نام و ورود تلاش‌های ناموفق ثبت می‌شوند (برای محدودسازی)","status":"passed","title":"تلاش‌های ناموفق ثبت می‌شوند (برای محدودسازی)","duration":76.0714909999997,"failureMessages":[],"meta":{}},{"ancestorTitles":["چرخش و امنیتِ توکن"],"fullName":"چرخش و امنیتِ توکن توکنِ تازه‌سازی می‌چرخد و استفاده‌ی دیررس در پنجره‌ی ارفاق مجاز است","status":"passed","title":"توکنِ تازه‌سازی می‌چرخد و استفاده‌ی دیررس در پنجره‌ی ارفاق مجاز است","duration":83.00441999999975,"failureMessages":[],"meta":{}},{"ancestorTitles":["چرخش و امنیتِ توکن"],"fullName":"چرخش و امنیتِ توکن نشتِ توکن: استفاده از توکنِ باطل‌شده، کل خانواده را می‌بندد","status":"passed","title":"نشتِ توکن: استفاده از توکنِ باطل‌شده، کل خانواده را می‌بندد","duration":57.80957200000012,"failureMessages":[],"meta":{}},{"ancestorTitles":["چرخش و امنیتِ توکن"],"fullName":"چرخش و امنیتِ توکن خروج، توکن را باطل می‌کند — حتی درونِ پنجره‌ی ارفاق","status":"passed","title":"خروج، توکن را باطل می‌کند — حتی درونِ پنجره‌ی ارفاق","duration":42.02650399999993,"failureMessages":[],"meta":{}},{"ancestorTitles":["چرخش و امنیتِ توکن"],"fullName":"چرخش و امنیتِ توکن توکنِ دسترسی حاوی نقش‌هاست و با کلیدِ غلط تأیید نمی‌شود","status":"passed","title":"توکنِ دسترسی حاوی نقش‌هاست و با کلیدِ غلط تأیید نمی‌شود","duration":83.52819899999986,"failureMessages":[],"meta":{}},{"ancestorTitles":["قفلِ موقتِ حساب"],"fullName":"قفلِ موقتِ حساب هشت کوششِ ناموفق از نشانی‌هایِ گوناگون، حساب را می‌بندد","status":"passed","title":"هشت کوششِ ناموفق از نشانی‌هایِ گوناگون، حساب را می‌بندد","duration":341.3428549999999,"failureMessages":[],"meta":{}},{"ancestorTitles":["قفلِ موقتِ حساب"],"fullName":"قفلِ موقتِ حساب کوششِ موفق شمارنده را بالا نمی‌برد (ورودِ پیاپی حساب را نمی‌بندد)","status":"passed","title":"کوششِ موفق شمارنده را بالا نمی‌برد (ورودِ پیاپی حساب را نمی‌بندد)","duration":256.89660300000014,"failureMessages":[],"meta":{}},{"ancestorTitles":["قفلِ موقتِ حساب"],"fullName":"قفلِ موقتِ حساب پیامِ قفل نمی‌گوید چنین حسابی وجود دارد یا نه","status":"passed","title":"پیامِ قفل نمی‌گوید چنین حسابی وجود دارد یا نه","duration":2.774188999999751,"failureMessages":[],"meta":{}}],"startTime":1789753494002,"endTime":1789753495431.7742,"status":"passed","message":"","name":"/home/user/set-shop/packages/auth/src/auth.test.ts"},{"assertionResults":[{"ancestorTitles":["سبدِ خرید"],"fullName":"سبدِ خرید سبدِ تازه خالی است","status":"passed","title":"سبدِ تازه خالی است","duration":2931.535059,"failureMessages":[],"meta":{}},{"ancestorTitles":["سبدِ خرید"],"fullName":"سبدِ خرید افزودنِ کالا، قیمت را از جدولِ تنوع می‌گیرد نه از ورودیِ کاربر","status":"passed","title":"افزودنِ کالا، قیمت را از جدولِ تنوع می‌گیرد نه از ورودیِ کاربر","duration":2103.262311,"failureMessages":[],"meta":{}},{"ancestorTitles":["سبدِ خرید"],"fullName":"سبدِ خرید افزودنِ دوباره‌ی همان کالا جمع می‌شود، نه تکرار","status":"passed","title":"افزودنِ دوباره‌ی همان کالا جمع می‌شود، نه تکرار","duration":2045.9799150000008,"failureMessages":[],"meta":{}},{"ancestorTitles":["سبدِ خرید"],"fullName":"سبدِ خرید تعدادِ هر ردیف از ۹۹ بیشتر نمی‌شود","status":"passed","title":"تعدادِ هر ردیف از ۹۹ بیشتر نمی‌شود","duration":2395.1668569999993,"failureMessages":[],"meta":{}},{"ancestorTitles":["سبدِ خرید"],"fullName":"سبدِ خرید تعدادِ صفر یا بیش از ۹۹ رد می‌شود","status":"passed","title":"تعدادِ صفر یا بیش از ۹۹ رد می‌شود","duration":2076.5245489999998,"failureMessages":[],"meta":{}},{"ancestorTitles":["سبدِ خرید"],"fullName":"سبدِ خرید تنوعِ ناموجود یا غیرفعال پذیرفته نمی‌شود","status":"passed","title":"تنوعِ ناموجود یا غیرفعال پذیرفته نمی‌شود","duration":2082.9552430000003,"failureMessages":[],"meta":{}},{"ancestorTitles":["سبدِ خرید"],"fullName":"سبدِ خرید حذفِ ردیف","status":"passed","title":"حذفِ ردیف","duration":1952.9018199999991,"failureMessages":[],"meta":{}},{"ancestorTitles":["صداقت در نمایش"],"fullName":"صداقت در نمایش تغییرِ قیمت پس از افزودن به سبد، به مشتری نشان داده می‌شود","status":"passed","title":"تغییرِ قیمت پس از افزودن به سبد، به مشتری نشان داده می‌شود","duration":1963.4537339999988,"failureMessages":[],"meta":{}},{"ancestorTitles":["صداقت در نمایش"],"fullName":"صداقت در نمایش کمبودِ موجودی پیش از پرداخت معلوم می‌شود","status":"passed","title":"کمبودِ موجودی پیش از پرداخت معلوم می‌شود","duration":2023.945294000001,"failureMessages":[],"meta":{}},{"ancestorTitles":["تسویه‌حساب"],"fullName":"تسویه‌حساب سبد به سفارش تبدیل می‌شود و موجودی رزرو می‌گردد","status":"passed","title":"سبد به سفارش تبدیل می‌شود و موجودی رزرو می‌گردد","duration":2385.364281000002,"failureMessages":[],"meta":{}},{"ancestorTitles":["تسویه‌حساب"],"fullName":"تسویه‌حساب سبدِ خالی تسویه نمی‌شود","status":"passed","title":"سبدِ خالی تسویه نمی‌شود","duration":2105.3757929999992,"failureMessages":[],"meta":{}},{"ancestorTitles":["تسویه‌حساب"],"fullName":"تسویه‌حساب دو بار تسویهٔ هم‌زمانِ یک سبد فقط یک سفارش می‌سازد","status":"passed","title":"دو بار تسویهٔ هم‌زمانِ یک سبد فقط یک سفارش می‌سازد","duration":2547.3609859999997,"failureMessages":[],"meta":{}},{"ancestorTitles":["تسویه‌حساب"],"fullName":"تسویه‌حساب وقتی موجودی کافی نیست، تسویه با خطایِ روشن شکست می‌خورد","status":"passed","title":"وقتی موجودی کافی نیست، تسویه با خطایِ روشن شکست می‌خورد","duration":1988.2715739999985,"failureMessages":[],"meta":{}}],"startTime":1789753518083,"endTime":1789753546687.2715,"status":"passed","message":"","name":"/home/user/set-shop/packages/cart/src/cart.test.ts"},{"assertionResults":[{"ancestorTitles":["کاتالوگ"],"fullName":"کاتالوگ داده‌ی نمونه ساخته می‌شود","status":"passed","title":"داده‌ی نمونه ساخته می‌شود","duration":2823.60173,"failureMessages":[],"meta":{}},{"ancestorTitles":["کاتالوگ"],"fullName":"کاتالوگ فیلتر بر اساسِ مدلِ گوشی، فقط کالاهای سازگار را برمی‌گرداند","status":"passed","title":"فیلتر بر اساسِ مدلِ گوشی، فقط کالاهای سازگار را برمی‌گرداند","duration":2044.7540659999995,"failureMessages":[],"meta":{}},{"ancestorTitles":["کاتالوگ"],"fullName":"کاتالوگ هر کالای سازگار، دقیقاً همان تنوعِ مربوطه را نشان می‌دهد نه تنوعِ دیگر","status":"passed","title":"هر کالای سازگار، دقیقاً همان تنوعِ مربوطه را نشان می‌دهد نه تنوعِ دیگر","duration":2086.6652200000008,"failureMessages":[],"meta":{}},{"ancestorTitles":["کاتالوگ"],"fullName":"کاتالوگ بررسیِ سازگاری سه‌حالته است: می‌خورد / نامعلوم / اعلام‌نشده","status":"passed","title":"بررسیِ سازگاری سه‌حالته است: می‌خورد / نامعلوم / اعلام‌نشده","duration":2096.383934999999,"failureMessages":[],"meta":{}},{"ancestorTitles":["کاتالوگ"],"fullName":"کاتالوگ کالاهای بدون اعلامِ سازگاری برای تکمیل در پنل گزارش می‌شوند","status":"passed","title":"کالاهای بدون اعلامِ سازگاری برای تکمیل در پنل گزارش می‌شوند","duration":2006.5556749999996,"failureMessages":[],"meta":{}},{"ancestorTitles":["کاتالوگ"],"fullName":"کاتالوگ ایجادِ کالا: تصاویر، ویژگی‌ها و موجودیِ اولیه در یک تراکنش","status":"passed","title":"ایجادِ کالا: تصاویر، ویژگی‌ها و موجودیِ اولیه در یک تراکنش","duration":2034.6180989999993,"failureMessages":[],"meta":{}},{"ancestorTitles":["کاتالوگ"],"fullName":"کاتالوگ کالا بدون تنوع پذیرفته نمی‌شود","status":"passed","title":"کالا بدون تنوع پذیرفته نمی‌شود","duration":2282.1456660000003,"failureMessages":[],"meta":{}},{"ancestorTitles":["کاتالوگ"],"fullName":"کاتالوگ برند یا نوعِ نامعتبر رد می‌شود","status":"passed","title":"برند یا نوعِ نامعتبر رد می‌شود","duration":1916.1608279999982,"failureMessages":[],"meta":{}},{"ancestorTitles":["کاتالوگ"],"fullName":"کاتالوگ جستجوی فارسی با نویسه‌های عربی و فاصله‌های اضافه هم نتیجه می‌دهد","status":"passed","title":"جستجوی فارسی با نویسه‌های عربی و فاصله‌های اضافه هم نتیجه می‌دهد","duration":1978.0147209999996,"failureMessages":[],"meta":{}},{"ancestorTitles":["کاتالوگ"],"fullName":"کاتالوگ فیلترِ «فقط موجود» کالای ناموجود را حذف می‌کند","status":"passed","title":"فیلترِ «فقط موجود» کالای ناموجود را حذف می‌کند","duration":1998.3324280000015,"failureMessages":[],"meta":{}},{"ancestorTitles":["کاتالوگ"],"fullName":"کاتالوگ نامک (slug) از عنوان ساخته می‌شود","status":"passed","title":"نامک (slug) از عنوان ساخته می‌شود","duration":1951.1120480000027,"failureMessages":[],"meta":{}},{"ancestorTitles":["جستجوی فارسی"],"fullName":"جستجوی فارسی هم‌معنی‌ها را می‌فهمد: شارجر = شارژر، اپل = آیفون","status":"passed","title":"هم‌معنی‌ها را می‌فهمد: شارجر = شارژر، اپل = آیفون","duration":2020.3530910000009,"failureMessages":[],"meta":{}},{"ancestorTitles":["جستجوی فارسی"],"fullName":"جستجوی فارسی عبارتِ مرکب را تکه‌تکه نمی‌کند: «پاور بانک» همان «پاوربانک» است","status":"passed","title":"عبارتِ مرکب را تکه‌تکه نمی‌کند: «پاور بانک» همان «پاوربانک» است","duration":2446.0955319999994,"failureMessages":[],"meta":{}},{"ancestorTitles":["جستجوی فارسی"],"fullName":"جستجوی فارسی نویسه‌های عربی، لاتین و اعراب تفاوتی در نتیجه ندارند","status":"passed","title":"نویسه‌های عربی، لاتین و اعراب تفاوتی در نتیجه ندارند","duration":2036.0723870000002,"failureMessages":[],"meta":{}},{"ancestorTitles":["جستجوی فارسی"],"fullName":"جستجوی فارسی نامِ گوشی را در سندِ جستجو می‌یابد، هرچند در عنوانِ کالا نباشد","status":"passed","title":"نامِ گوشی را در سندِ جستجو می‌یابد، هرچند در عنوانِ کالا نباشد","duration":2055.6775879999987,"failureMessages":[],"meta":{}},{"ancestorTitles":["جستجوی فارسی"],"fullName":"جستجوی فارسی چند واژه با هم: «و» منطقی میانِ واژه‌ها","status":"passed","title":"چند واژه با هم: «و» منطقی میانِ واژه‌ها","duration":2264.8206619999946,"failureMessages":[],"meta":{}},{"ancestorTitles":["جستجوی فارسی"],"fullName":"جستجوی فارسی اگر ترکیبِ کامل نبود، نرم می‌شود و صادقانه اعلام می‌کند","status":"passed","title":"اگر ترکیبِ کامل نبود، نرم می‌شود و صادقانه اعلام می‌کند","duration":2020.085994000001,"failureMessages":[],"meta":{}},{"ancestorTitles":["جستجوی فارسی"],"fullName":"جستجوی فارسی برای عبارتِ بی‌ربط نتیجه‌ای نیست و درخواست ثبت می‌شود","status":"passed","title":"برای عبارتِ بی‌ربط نتیجه‌ای نیست و درخواست ثبت می‌شود","duration":2010.891064000003,"failureMessages":[],"meta":{}},{"ancestorTitles":["جستجوی فارسی"],"fullName":"جستجوی فارسی رتبه‌بندی: انطباقِ دقیق بالاتر از انطباقِ دور","status":"passed","title":"رتبه‌بندی: انطباقِ دقیق بالاتر از انطباقِ دور","duration":1985.8073220000006,"failureMessages":[],"meta":{}},{"ancestorTitles":["جستجوی فارسی"],"fullName":"جستجوی فارسی سندِ جستجو با تغییرِ سازگاری به‌روز می‌شود (تریگر)","status":"passed","title":"سندِ جستجو با تغییرِ سازگاری به‌روز می‌شود (تریگر)","duration":1799.6838940000016,"failureMessages":[],"meta":{}},{"ancestorTitles":["جستجوی فارسی"],"fullName":"جستجوی فارسی ویرایش: قیمت تغییر می‌کند و تغییرش در خروجی و حسابرسی می‌آید","status":"passed","title":"ویرایش: قیمت تغییر می‌کند و تغییرش در خروجی و حسابرسی می‌آید","duration":1966.5516540000026,"failureMessages":[],"meta":{}},{"ancestorTitles":["جستجوی فارسی"],"fullName":"جستجوی فارسی ویرایش: تنوعِ فروخته‌شده حذف نمی‌شود، فقط غیرفعال می‌گردد","status":"passed","title":"ویرایش: تنوعِ فروخته‌شده حذف نمی‌شود، فقط غیرفعال می‌گردد","duration":2031.9232510000002,"failureMessages":[],"meta":{}},{"ancestorTitles":["جستجوی فارسی"],"fullName":"جستجوی فارسی ویرایش: تنوعِ بی‌اثر واقعاً پاک می‌شود (ردیفِ یتیم نمی‌ماند)","status":"passed","title":"ویرایش: تنوعِ بی‌اثر واقعاً پاک می‌شود (ردیفِ یتیم نمی‌ماند)","duration":1995.2296449999994,"failureMessages":[],"meta":{}},{"ancestorTitles":["جستجوی فارسی"],"fullName":"جستجوی فارسی ویرایش: کالا نمی‌تواند بی‌تنوعِ فعال بماند","status":"passed","title":"ویرایش: کالا نمی‌تواند بی‌تنوعِ فعال بماند","duration":1934.3113879999946,"failureMessages":[],"meta":{}},{"ancestorTitles":["جستجوی فارسی"],"fullName":"جستجوی فارسی ویرایش: تنوعِ تازه افزوده می‌شود و سازگاری‌اش ذخیره می‌گردد","status":"passed","title":"ویرایش: تنوعِ تازه افزوده می‌شود و سازگاری‌اش ذخیره می‌گردد","duration":2024.9016489999995,"failureMessages":[],"meta":{}},{"ancestorTitles":["جستجوی فارسی"],"fullName":"جستجوی فارسی ویرایش: عنوان که عوض شود، کالا با عنوانِ تازه پیدا می‌شود","status":"passed","title":"ویرایش: عنوان که عوض شود، کالا با عنوانِ تازه پیدا می‌شود","duration":1900.0398429999987,"failureMessages":[],"meta":{}},{"ancestorTitles":["فیلترِ فهرست و برچسب‌ها"],"fullName":"فیلترِ فهرست و برچسب‌ها فیلترِ رنگ: کالایِ هم‌رنگ می‌آید، بی‌رنگ نمی‌آید","status":"passed","title":"فیلترِ رنگ: کالایِ هم‌رنگ می‌آید، بی‌رنگ نمی‌آید","duration":2268.6320569999953,"failureMessages":[],"meta":{}},{"ancestorTitles":["فیلترِ فهرست و برچسب‌ها"],"fullName":"فیلترِ فهرست و برچسب‌ها فیلترِ رنگِ چندگانه: «یا» است، نه «و»","status":"passed","title":"فیلترِ رنگِ چندگانه: «یا» است، نه «و»","duration":2156.9387139999963,"failureMessages":[],"meta":{}},{"ancestorTitles":["فیلترِ فهرست و برچسب‌ها"],"fullName":"فیلترِ فهرست و برچسب‌ها کالایی که چند تنوعِ هم‌رنگ دارد، یک‌بار می‌آید (تکرار نمی‌شود)","status":"passed","title":"کالایی که چند تنوعِ هم‌رنگ دارد، یک‌بار می‌آید (تکرار نمی‌شود)","duration":1988.375202000003,"failureMessages":[],"meta":{}},{"ancestorTitles":["فیلترِ فهرست و برچسب‌ها"],"fullName":"فیلترِ فهرست و برچسب‌ها رنگِ ناموجود: نتیجه تُهی است و خطا نیست","status":"passed","title":"رنگِ ناموجود: نتیجه تُهی است و خطا نیست","duration":1943.9471709999998,"failureMessages":[],"meta":{}},{"ancestorTitles":["فیلترِ فهرست و برچسب‌ها"],"fullName":"فیلترِ فهرست و برچسب‌ها رنگِ کالا در خروجی می‌آید (خوراکِ سواچِ رویِ کارت)","status":"passed","title":"رنگِ کالا در خروجی می‌آید (خوراکِ سواچِ رویِ کارت)","duration":1902.5192310000057,"failureMessages":[],"meta":{}},{"ancestorTitles":["فیلترِ فهرست و برچسب‌ها"],"fullName":"فیلترِ فهرست و برچسب‌ها «فقط تخفیف‌دار»: تخفیفِ بیرون از بازه به حساب نمی‌آید","status":"passed","title":"«فقط تخفیف‌دار»: تخفیفِ بیرون از بازه به حساب نمی‌آید","duration":2145.452726000003,"failureMessages":[],"meta":{}},{"ancestorTitles":["فیلترِ فهرست و برچسب‌ها"],"fullName":"فیلترِ فهرست و برچسب‌ها تخفیفِ گذشته: در فهرستِ تخفیف‌دار نمی‌آید و درصدش هم تهی است","status":"passed","title":"تخفیفِ گذشته: در فهرستِ تخفیف‌دار نمی‌آید و درصدش هم تهی است","duration":1906.5272620000032,"failureMessages":[],"meta":{}},{"ancestorTitles":["فیلترِ فهرست و برچسب‌ها"],"fullName":"فیلترِ فهرست و برچسب‌ها برچسبِ «جدید» از is_new_untilِ تنوع می‌آید","status":"passed","title":"برچسبِ «جدید» از is_new_untilِ تنوع می‌آید","duration":2399.6205610000034,"failureMessages":[],"meta":{}},{"ancestorTitles":["فیلترِ فهرست و برچسب‌ها"],"fullName":"فیلترِ فهرست و برچسب‌ها موجودیِ قابلِ فروش در خروجی هست (خوراکِ «تنها ۳ عدد مانده»)","status":"passed","title":"موجودیِ قابلِ فروش در خروجی هست (خوراکِ «تنها ۳ عدد مانده»)","duration":2201.3989919999876,"failureMessages":[],"meta":{}},{"ancestorTitles":["فیلترِ فهرست و برچسب‌ها"],"fullName":"فیلترِ فهرست و برچسب‌ها فهرستِ رنگ‌ها: رنگِ تنوعِ فعال می‌آید، مرتب و بی‌تکرار","status":"passed","title":"فهرستِ رنگ‌ها: رنگِ تنوعِ فعال می‌آید، مرتب و بی‌تکرار","duration":1842.3580999999976,"failureMessages":[],"meta":{}},{"ancestorTitles":["فیلترِ فهرست و برچسب‌ها"],"fullName":"فیلترِ فهرست و برچسب‌ها رنگِ تنوعِ غیرفعال در فهرستِ فیلتر نمی‌آید","status":"passed","title":"رنگِ تنوعِ غیرفعال در فهرستِ فیلتر نمی‌آید","duration":1901.9704330000095,"failureMessages":[],"meta":{}},{"ancestorTitles":["فیلترِ فهرست و برچسب‌ها"],"fullName":"فیلترِ فهرست و برچسب‌ها رنگِ کالایِ غیرفعال در فهرستِ فیلتر نمی‌آید (فیلترِ بی‌نتیجه نمی‌سازیم)","status":"passed","title":"رنگِ کالایِ غیرفعال در فهرستِ فیلتر نمی‌آید (فیلترِ بی‌نتیجه نمی‌سازیم)","duration":1970.0105579999945,"failureMessages":[],"meta":{}},{"ancestorTitles":["فیلترِ فهرست و برچسب‌ها"],"fullName":"فیلترِ فهرست و برچسب‌ها تنوعِ بی‌رنگ فهرست را با رشته‌یِ تهی آلوده نمی‌کند","status":"passed","title":"تنوعِ بی‌رنگ فهرست را با رشته‌یِ تهی آلوده نمی‌کند","duration":2028.7894039999956,"failureMessages":[],"meta":{}},{"ancestorTitles":["فیلترِ فهرست و برچسب‌ها"],"fullName":"فیلترِ فهرست و برچسب‌ها جستجو هم فیلترِ رنگ را می‌پذیرد (list برایِ عبارت، به search می‌سپارد)","status":"passed","title":"جستجو هم فیلترِ رنگ را می‌پذیرد (list برایِ عبارت، به search می‌سپارد)","duration":2018.1852240000007,"failureMessages":[],"meta":{}}],"startTime":1789753182084,"endTime":1789753264476.1853,"status":"passed","message":"","name":"/home/user/set-shop/packages/catalog/src/catalog.test.ts"},{"assertionResults":[{"ancestorTitles":["درختِ آغازین"],"fullName":"درختِ آغازین پنج دسته‌یِ ریشه دارد و هر یک زیردسته‌هایی","status":"passed","title":"پنج دسته‌یِ ریشه دارد و هر یک زیردسته‌هایی","duration":50.063134999999875,"failureMessages":[],"meta":{}},{"ancestorTitles":["درختِ آغازین"],"fullName":"درختِ آغازین مسیر و ژرفا برایِ فرزندان درست نشسته است","status":"passed","title":"مسیر و ژرفا برایِ فرزندان درست نشسته است","duration":83.01599099999976,"failureMessages":[],"meta":{}},{"ancestorTitles":["درختِ آغازین"],"fullName":"درختِ آغازین دسته‌یِ تهی در منویِ خریدار نمی‌آید","status":"passed","title":"دسته‌یِ تهی در منویِ خریدار نمی‌آید","duration":27.44724499999984,"failureMessages":[],"meta":{}},{"ancestorTitles":["شمارش"],"fullName":"شمارش کالایِ زیردسته در شمارشِ پدر هم می‌آید","status":"passed","title":"کالایِ زیردسته در شمارشِ پدر هم می‌آید","duration":48.61399500000016,"failureMessages":[],"meta":{}},{"ancestorTitles":["شمارش"],"fullName":"شمارش کالایِ خودِ پدر و زیردسته با هم جمع می‌شود","status":"passed","title":"کالایِ خودِ پدر و زیردسته با هم جمع می‌شود","duration":44.825882999999976,"failureMessages":[],"meta":{}},{"ancestorTitles":["شمارش"],"fullName":"شمارش کالایِ پیش‌نویس شمرده نمی‌شود","status":"passed","title":"کالایِ پیش‌نویس شمرده نمی‌شود","duration":31.676414999999906,"failureMessages":[],"meta":{}},{"ancestorTitles":["ساخت"],"fullName":"ساخت دسته‌یِ تازه در جایِ درست می‌نشیند و مسیرش ساخته می‌شود","status":"passed","title":"دسته‌یِ تازه در جایِ درست می‌نشیند و مسیرش ساخته می‌شود","duration":33.716497000000345,"failureMessages":[],"meta":{}},{"ancestorTitles":["ساخت"],"fullName":"ساخت نامِ تهی پذیرفته نمی‌شود","status":"passed","title":"نامِ تهی پذیرفته نمی‌شود","duration":25.841409000000112,"failureMessages":[],"meta":{}},{"ancestorTitles":["ساخت"],"fullName":"ساخت دو دسته با یک نام در یک سطح پذیرفته نمی‌شود","status":"passed","title":"دو دسته با یک نام در یک سطح پذیرفته نمی‌شود","duration":30.160289999999804,"failureMessages":[],"meta":{}},{"ancestorTitles":["ساخت"],"fullName":"ساخت سطحِ چهارم پذیرفته نمی‌شود (منو جایش نمی‌دهد)","status":"passed","title":"سطحِ چهارم پذیرفته نمی‌شود (منو جایش نمی‌دهد)","duration":37.95829800000001,"failureMessages":[],"meta":{}},{"ancestorTitles":["ساخت"],"fullName":"ساخت نامک از نامِ فارسی ساخته می‌شود","status":"passed","title":"نامک از نامِ فارسی ساخته می‌شود","duration":24.158016000000316,"failureMessages":[],"meta":{}},{"ancestorTitles":["جابه‌جایی"],"fullName":"جابه‌جایی انتقالِ شاخه، مسیرِ فرزندانش را هم درست می‌کند","status":"passed","title":"انتقالِ شاخه، مسیرِ فرزندانش را هم درست می‌کند","duration":37.14892400000008,"failureMessages":[],"meta":{}},{"ancestorTitles":["جابه‌جایی"],"fullName":"جابه‌جایی چرخه رد می‌شود — دسته نمی‌تواند زیرِ فرزندِ خودش برود","status":"passed","title":"چرخه رد می‌شود — دسته نمی‌تواند زیرِ فرزندِ خودش برود","duration":28.005071999999927,"failureMessages":[],"meta":{}},{"ancestorTitles":["جابه‌جایی"],"fullName":"جابه‌جایی دسته نمی‌تواند زیرِ خودش برود","status":"passed","title":"دسته نمی‌تواند زیرِ خودش برود","duration":25.02750900000001,"failureMessages":[],"meta":{}},{"ancestorTitles":["جابه‌جایی"],"fullName":"جابه‌جایی جابه‌جایی به ریشه، ژرفا را صفر می‌کند","status":"passed","title":"جابه‌جایی به ریشه، ژرفا را صفر می‌کند","duration":25.247636000000057,"failureMessages":[],"meta":{}},{"ancestorTitles":["جابه‌جایی"],"fullName":"جابه‌جایی جابه‌جایی‌ای که شاخه را زیرِ فرزندِ خودش ببرد، رد می‌شود","status":"passed","title":"جابه‌جایی‌ای که شاخه را زیرِ فرزندِ خودش ببرد، رد می‌شود","duration":39.048759999999675,"failureMessages":[],"meta":{}},{"ancestorTitles":["جابه‌جایی"],"fullName":"جابه‌جایی جابه‌جایی‌ای که ژرفا را از سه سطح بگذراند، رد می‌شود","status":"passed","title":"جابه‌جایی‌ای که ژرفا را از سه سطح بگذراند، رد می‌شود","duration":41.098625000000084,"failureMessages":[],"meta":{}},{"ancestorTitles":["نانِ راهنما"],"fullName":"نانِ راهنما نیاکان از ریشه تا خودِ گره می‌آیند","status":"passed","title":"نیاکان از ریشه تا خودِ گره می‌آیند","duration":26.03083599999991,"failureMessages":[],"meta":{}},{"ancestorTitles":["نانِ راهنما"],"fullName":"نانِ راهنما دسته‌یِ ریشه نیاکانی ندارد","status":"passed","title":"دسته‌یِ ریشه نیاکانی ندارد","duration":25.72366600000032,"failureMessages":[],"meta":{}},{"ancestorTitles":["نانِ راهنما"],"fullName":"نانِ راهنما دسته‌یِ ناشناس خطا می‌دهد","status":"passed","title":"دسته‌یِ ناشناس خطا می‌دهد","duration":24.76663600000029,"failureMessages":[],"meta":{}},{"ancestorTitles":["حذف"],"fullName":"حذف دسته‌یِ تهی پاک می‌شود","status":"passed","title":"دسته‌یِ تهی پاک می‌شود","duration":27.958836999999676,"failureMessages":[],"meta":{}},{"ancestorTitles":["حذف"],"fullName":"حذف دسته‌ای که کالا دارد، بی‌مقصد پاک نمی‌شود","status":"passed","title":"دسته‌ای که کالا دارد، بی‌مقصد پاک نمی‌شود","duration":29.8596620000003,"failureMessages":[],"meta":{}},{"ancestorTitles":["حذف"],"fullName":"حذف با مقصد، کالاها منتقل می‌شوند و سپس دسته پاک می‌شود","status":"passed","title":"با مقصد، کالاها منتقل می‌شوند و سپس دسته پاک می‌شود","duration":43.736095000000205,"failureMessages":[],"meta":{}},{"ancestorTitles":["حذف"],"fullName":"حذف دسته‌ای که زیردسته دارد، بی‌مقصد پاک نمی‌شود","status":"passed","title":"دسته‌ای که زیردسته دارد، بی‌مقصد پاک نمی‌شود","duration":25.26820299999963,"failureMessages":[],"meta":{}},{"ancestorTitles":["فیلترِ جستجو"],"fullName":"فیلترِ جستجو شناسه‌هایِ فرزندان برایِ فیلتر به دست می‌آیند","status":"passed","title":"شناسه‌هایِ فرزندان برایِ فیلتر به دست می‌آیند","duration":26.486227999999755,"failureMessages":[],"meta":{}},{"ancestorTitles":["فیلترِ جستجو"],"fullName":"فیلترِ جستجو یک برگ تنها خودش را برمی‌گرداند","status":"passed","title":"یک برگ تنها خودش را برمی‌گرداند","duration":23.7195270000002,"failureMessages":[],"meta":{}}],"startTime":1789753394810,"endTime":1789753395697.7195,"status":"passed","message":"","name":"/home/user/set-shop/packages/catalog/src/categories.test.ts"},{"assertionResults":[{"ancestorTitles":["گروه‌بندیِ رنگ"],"fullName":"گروه‌بندیِ رنگ هر رنگ یک سواچ است، نه هر تنوع","status":"passed","title":"هر رنگ یک سواچ است، نه هر تنوع","duration":26.44584500000019,"failureMessages":[],"meta":{}},{"ancestorTitles":["گروه‌بندیِ رنگ"],"fullName":"گروه‌بندیِ رنگ دو تنوعِ هم‌رنگ یک سواچ می‌شوند و هر دو را در خود دارند","status":"passed","title":"دو تنوعِ هم‌رنگ یک سواچ می‌شوند و هر دو را در خود دارند","duration":14.703365999999733,"failureMessages":[],"meta":{}},{"ancestorTitles":["گروه‌بندیِ رنگ"],"fullName":"گروه‌بندیِ رنگ تنوعِ بی‌رنگ گم نمی‌شود — زیرِ «بدونِ رنگ» می‌آید","status":"passed","title":"تنوعِ بی‌رنگ گم نمی‌شود — زیرِ «بدونِ رنگ» می‌آید","duration":7.074073000000226,"failureMessages":[],"meta":{}},{"ancestorTitles":["گروه‌بندیِ رنگ"],"fullName":"گروه‌بندیِ رنگ کالایِ بی‌تنوع، سواچی ندارد (پرسیدنِ «کدام رنگ؟» بی‌معناست)","status":"passed","title":"کالایِ بی‌تنوع، سواچی ندارد (پرسیدنِ «کدام رنگ؟» بی‌معناست)","duration":2.948192999999719,"failureMessages":[],"meta":{}},{"ancestorTitles":["کدِ رنگ"],"fullName":"کدِ رنگ نامِ فارسی به کد ترجمه می‌شود","status":"passed","title":"نامِ فارسی به کد ترجمه می‌شود","duration":5.875878000000284,"failureMessages":[],"meta":{}},{"ancestorTitles":["کدِ رنگ"],"fullName":"کدِ رنگ رنگِ دستی (color_hex) بر واژه‌نامه مقدم است","status":"passed","title":"رنگِ دستی (color_hex) بر واژه‌نامه مقدم است","duration":6.075087000000167,"failureMessages":[],"meta":{}},{"ancestorTitles":["کدِ رنگ"],"fullName":"کدِ رنگ رنگِ ناشناس، سواچ را نمی‌شکند — رنگِ خنثی می‌گیرد","status":"passed","title":"رنگِ ناشناس، سواچ را نمی‌شکند — رنگِ خنثی می‌گیرد","duration":7.864868000000115,"failureMessages":[],"meta":{}},{"ancestorTitles":["تصویرِ مخصوصِ رنگ"],"fullName":"تصویرِ مخصوصِ رنگ تصویرِ تنوع بر تصویرِ کالا مقدم است","status":"passed","title":"تصویرِ تنوع بر تصویرِ کالا مقدم است","duration":9.667672999999922,"failureMessages":[],"meta":{}},{"ancestorTitles":["تصویرِ مخصوصِ رنگ"],"fullName":"تصویرِ مخصوصِ رنگ بی‌تصویر، به تصویرِ کالا برمی‌گردد — نه به جایِ خالی","status":"passed","title":"بی‌تصویر، به تصویرِ کالا برمی‌گردد — نه به جایِ خالی","duration":8.023650000000089,"failureMessages":[],"meta":{}},{"ancestorTitles":["موجودی و چینش"],"fullName":"موجودی و چینش رنگِ موجود پیش از رنگِ تمام‌شده می‌آید","status":"passed","title":"رنگِ موجود پیش از رنگِ تمام‌شده می‌آید","duration":8.419011999999839,"failureMessages":[],"meta":{}},{"ancestorTitles":["موجودی و چینش"],"fullName":"موجودی و چینش رنگِ تمام‌شده پنهان نمی‌شود — خط می‌خورد","status":"passed","title":"رنگِ تمام‌شده پنهان نمی‌شود — خط می‌خورد","duration":6.040603000000374,"failureMessages":[],"meta":{}},{"ancestorTitles":["موجودی و چینش"],"fullName":"موجودی و چینش سواچ، تنوعِ **موجودِ** آن رنگ را برمی‌گزیند","status":"passed","title":"سواچ، تنوعِ **موجودِ** آن رنگ را برمی‌گزیند","duration":10.970857000000251,"failureMessages":[],"meta":{}},{"ancestorTitles":["موجودی و چینش"],"fullName":"موجودی و چینش اگر هیچ‌کدام موجود نباشد، نخستین برگزیده می‌شود (با پرچمِ تمام‌شده)","status":"passed","title":"اگر هیچ‌کدام موجود نباشد، نخستین برگزیده می‌شود (با پرچمِ تمام‌شده)","duration":11.066719000000376,"failureMessages":[],"meta":{}},{"ancestorTitles":["برگزیدنِ تنوع با گوشیِ کاربر"],"fullName":"برگزیدنِ تنوع با گوشیِ کاربر رنگ + مدلِ گوشی = تنوعِ درست","status":"passed","title":"رنگ + مدلِ گوشی = تنوعِ درست","duration":10.89893499999971,"failureMessages":[],"meta":{}},{"ancestorTitles":["برگزیدنِ تنوع با گوشیِ کاربر"],"fullName":"برگزیدنِ تنوع با گوشیِ کاربر بی‌مدل، همان تنوعِ پیش‌فرضِ رنگ","status":"passed","title":"بی‌مدل، همان تنوعِ پیش‌فرضِ رنگ","duration":4.393497999999909,"failureMessages":[],"meta":{}}],"startTime":1789753512994,"endTime":1789753513135.3936,"status":"passed","message":"","name":"/home/user/set-shop/packages/catalog/src/colours.test.ts"},{"assertionResults":[{"ancestorTitles":["نوارِ اعلان"],"fullName":"نوارِ اعلان بنرِ بی‌بازه همیشه دیده می‌شود","status":"passed","title":"بنرِ بی‌بازه همیشه دیده می‌شود","duration":7.952972000000045,"failureMessages":[],"meta":{}},{"ancestorTitles":["نوارِ اعلان"],"fullName":"نوارِ اعلان بنری که هنوز آغاز نشده، دیده نمی‌شود","status":"passed","title":"بنری که هنوز آغاز نشده، دیده نمی‌شود","duration":3.709614999999758,"failureMessages":[],"meta":{}},{"ancestorTitles":["نوارِ اعلان"],"fullName":"نوارِ اعلان بنری که پایان یافته، دیده نمی‌شود — اما روزِ پایان هنوز هست","status":"passed","title":"بنری که پایان یافته، دیده نمی‌شود — اما روزِ پایان هنوز هست","duration":4.749522999999954,"failureMessages":[],"meta":{}},{"ancestorTitles":["نوارِ اعلان"],"fullName":"نوارِ اعلان بنرِ خاموش هرگز دیده نمی‌شود، حتی در بازه","status":"passed","title":"بنرِ خاموش هرگز دیده نمی‌شود، حتی در بازه","duration":3.4556539999998677,"failureMessages":[],"meta":{}},{"ancestorTitles":["نوارِ اعلان"],"fullName":"نوارِ اعلان چند پیام، به ترتیبِ دستی","status":"passed","title":"چند پیام، به ترتیبِ دستی","duration":3.78211199999987,"failureMessages":[],"meta":{}},{"ancestorTitles":["بنرِ تصویری"],"fullName":"بنرِ تصویری بنرِ اصلی بی‌تصویر پذیرفته نمی‌شود","status":"passed","title":"بنرِ اصلی بی‌تصویر پذیرفته نمی‌شود","duration":1.9546719999998459,"failureMessages":[],"meta":{}},{"ancestorTitles":["بنرِ تصویری"],"fullName":"بنرِ تصویری نوارِ اعلان متنی است و نیازی به تصویر ندارد","status":"passed","title":"نوارِ اعلان متنی است و نیازی به تصویر ندارد","duration":1.6570309999997335,"failureMessages":[],"meta":{}},{"ancestorTitles":["بنرِ تصویری"],"fullName":"بنرِ تصویری جاهایِ گوناگون از هم جدا هستند","status":"passed","title":"جاهایِ گوناگون از هم جدا هستند","duration":5.190815999999813,"failureMessages":[],"meta":{}},{"ancestorTitles":["بنرِ تصویری"],"fullName":"بنرِ تصویری برداشتنِ تصویر از بنرِ اصلی هنگامِ ویرایش خطا می‌دهد","status":"passed","title":"برداشتنِ تصویر از بنرِ اصلی هنگامِ ویرایش خطا می‌دهد","duration":2.948095000000194,"failureMessages":[],"meta":{}},{"ancestorTitles":["پنجره‌یِ نامعتبر"],"fullName":"پنجره‌یِ نامعتبر پایان پیش از آغاز، از سویِ پایگاه رد می‌شود","status":"passed","title":"پایان پیش از آغاز، از سویِ پایگاه رد می‌شود","duration":2.7701999999999316,"failureMessages":[],"meta":{}},{"ancestorTitles":["گردشِ کارِ فروشنده"],"fullName":"گردشِ کارِ فروشنده ساخت ← ویرایش ← بازچینی ← برداشتن","status":"passed","title":"ساخت ← ویرایش ← بازچینی ← برداشتن","duration":9.020946000000095,"failureMessages":[],"meta":{}},{"ancestorTitles":["گردشِ کارِ فروشنده"],"fullName":"گردشِ کارِ فروشنده بنری که نیست، ویرایش نمی‌شود — و این خطا نیست","status":"passed","title":"بنری که نیست، ویرایش نمی‌شود — و این خطا نیست","duration":1.4824949999997443,"failureMessages":[],"meta":{}}],"startTime":1789753574676,"endTime":1789753574724.4824,"status":"passed","message":"","name":"/home/user/set-shop/packages/content/src/banners.test.ts"},{"assertionResults":[{"ancestorTitles":["شماره‌گذاری اسناد"],"fullName":"شماره‌گذاری اسناد پیشوند + سالِ شمسی + شماره‌ی پیوسته می‌سازد و تکرار نمی‌شود","status":"passed","title":"پیشوند + سالِ شمسی + شماره‌ی پیوسته می‌سازد و تکرار نمی‌شود","duration":3.854613999999856,"failureMessages":[],"meta":{}},{"ancestorTitles":["مشتریان (BR-20 , BR-21 , BR-22)"],"fullName":"مشتریان (BR-20 , BR-21 , BR-22) کد ملیِ نامعتبر را رد می‌کند (الگوریتمِ واقعی، نه فقط ۱۰ رقم)","status":"passed","title":"کد ملیِ نامعتبر را رد می‌کند (الگوریتمِ واقعی، نه فقط ۱۰ رقم)","duration":0.4586469999999281,"failureMessages":[],"meta":{}},{"ancestorTitles":["مشتریان (BR-20 , BR-21 , BR-22)"],"fullName":"مشتریان (BR-20 , BR-21 , BR-22) با کد ملیِ تکراری اکانتِ دوم نمی‌سازد (BR-20)","status":"passed","title":"با کد ملیِ تکراری اکانتِ دوم نمی‌سازد (BR-20)","duration":5.629957999999988,"failureMessages":[],"meta":{}},{"ancestorTitles":["قیمت‌گذاری (BR-01 .. BR-05)"],"fullName":"قیمت‌گذاری (BR-01 .. BR-05) سناریوی ۲: مشتری عادی با تخفیفِ فعال — ۲×۱۴۹٬۰۰۰ + ۸۰٬۰۰۰ = ۳۷۸٬۰۰۰ تومان","status":"passed","title":"سناریوی ۲: مشتری عادی با تخفیفِ فعال — ۲×۱۴۹٬۰۰۰ + ۸۰٬۰۰۰ = ۳۷۸٬۰۰۰ تومان","duration":12.780764999999974,"failureMessages":[],"meta":{}},{"ancestorTitles":["قیمت‌گذاری (BR-01 .. BR-05)"],"fullName":"قیمت‌گذاری (BR-01 .. BR-05) سناریوی ۳: همکار قیمت همکاری می‌بیند و تخفیف روی آن اعمال نمی‌شود (BR-01 , BR-04)","status":"passed","title":"سناریوی ۳: همکار قیمت همکاری می‌بیند و تخفیف روی آن اعمال نمی‌شود (BR-01 , BR-04)","duration":10.291858000000047,"failureMessages":[],"meta":{}},{"ancestorTitles":["قیمت‌گذاری (BR-01 .. BR-05)"],"fullName":"قیمت‌گذاری (BR-01 .. BR-05) BR-02: کالای بدون قیمت همکاری → همکار قیمت فروش را می‌بیند","status":"passed","title":"BR-02: کالای بدون قیمت همکاری → همکار قیمت فروش را می‌بیند","duration":6.08774399999993,"failureMessages":[],"meta":{}},{"ancestorTitles":["قیمت‌گذاری (BR-01 .. BR-05)"],"fullName":"قیمت‌گذاری (BR-01 .. BR-05) BR-05: تخفیفِ دستیِ بیش از سقف بدون تأیید مدیر رد می‌شود","status":"passed","title":"BR-05: تخفیفِ دستیِ بیش از سقف بدون تأیید مدیر رد می‌شود","duration":10.767029000000093,"failureMessages":[],"meta":{}},{"ancestorTitles":["چک (BR-33 , BR-35 , BR-36 , BR-37)"],"fullName":"چک (BR-33 , BR-35 , BR-36 , BR-37) سناریوی ۳: ثبتِ چک ۳٬۰۰۰٬۰۰۰ با سقفِ ۵٬۰۰۰٬۰۰۰ مجاز است","status":"passed","title":"سناریوی ۳: ثبتِ چک ۳٬۰۰۰٬۰۰۰ با سقفِ ۵٬۰۰۰٬۰۰۰ مجاز است","duration":15.454042999999729,"failureMessages":[],"meta":{}},{"ancestorTitles":["چک (BR-33 , BR-35 , BR-36 , BR-37)"],"fullName":"چک (BR-33 , BR-35 , BR-36 , BR-37) سناریوی ۵: عبور از سقف متوقف می‌شود (BR-36)","status":"passed","title":"سناریوی ۵: عبور از سقف متوقف می‌شود (BR-36)","duration":13.704250999999658,"failureMessages":[],"meta":{}},{"ancestorTitles":["چک (BR-33 , BR-35 , BR-36 , BR-37)"],"fullName":"چک (BR-33 , BR-35 , BR-36 , BR-37) چکِ بزرگ‌تر از کلِ سقف همان ابتدا رد می‌شود","status":"passed","title":"چکِ بزرگ‌تر از کلِ سقف همان ابتدا رد می‌شود","duration":10.102081999999882,"failureMessages":[],"meta":{}},{"ancestorTitles":["چک (BR-33 , BR-35 , BR-36 , BR-37)"],"fullName":"چک (BR-33 , BR-35 , BR-36 , BR-37) سناریوی ۷: با برگشتِ چک، سقفِ همکار صفر می‌شود (BR-37)","status":"passed","title":"سناریوی ۷: با برگشتِ چک، سقفِ همکار صفر می‌شود (BR-37)","duration":13.68956500000013,"failureMessages":[],"meta":{}},{"ancestorTitles":["چک (BR-33 , BR-35 , BR-36 , BR-37)"],"fullName":"چک (BR-33 , BR-35 , BR-36 , BR-37) BR-33: مشتری عادی اصلاً نمی‌تواند چک بدهد","status":"passed","title":"BR-33: مشتری عادی اصلاً نمی‌تواند چک بدهد","duration":3.5157609999996566,"failureMessages":[],"meta":{}},{"ancestorTitles":["چک (BR-33 , BR-35 , BR-36 , BR-37)"],"fullName":"چک (BR-33 , BR-35 , BR-36 , BR-37) چکِ خرج‌شده (تهاتر) به وضعیت transferred می‌رود و وضعیت‌هایِ نامعتبر رد می‌شوند","status":"passed","title":"چکِ خرج‌شده (تهاتر) به وضعیت transferred می‌رود و وضعیت‌هایِ نامعتبر رد می‌شوند","duration":16.435531999999967,"failureMessages":[],"meta":{}},{"ancestorTitles":["ارسال (BR-42 , BR-43)"],"fullName":"ارسال (BR-42 , BR-43) تعرفه بر اساسِ شهر × روش است (BR-43)","status":"passed","title":"تعرفه بر اساسِ شهر × روش است (BR-43)","duration":2.591446999999789,"failureMessages":[],"meta":{}},{"ancestorTitles":["ارسال (BR-42 , BR-43)"],"fullName":"ارسال (BR-42 , BR-43) ارسال پیش از ثبتِ بسته‌بندی پذیرفته نمی‌شود","status":"passed","title":"ارسال پیش از ثبتِ بسته‌بندی پذیرفته نمی‌شود","duration":8.126118000000133,"failureMessages":[],"meta":{}},{"ancestorTitles":["ارسال (BR-42 , BR-43)"],"fullName":"ارسال (BR-42 , BR-43) BR-42: ارسال بدون کد رهگیری ثبت نمی‌شود","status":"passed","title":"BR-42: ارسال بدون کد رهگیری ثبت نمی‌شود","duration":9.372026000000005,"failureMessages":[],"meta":{}},{"ancestorTitles":["مرجوعی (BR-44 , BR-45 , BR-46 , BR-47)"],"fullName":"مرجوعی (BR-44 , BR-45 , BR-46 , BR-47) سناریوی ۶: مرجوعیِ یک قلم — موجودی برمی‌گردد و سند صادر می‌شود","status":"passed","title":"سناریوی ۶: مرجوعیِ یک قلم — موجودی برمی‌گردد و سند صادر می‌شود","duration":21.882282999999916,"failureMessages":[],"meta":{}},{"ancestorTitles":["تنظیمات و پیامک (بخش‌های ۶ و ۱۱)"],"fullName":"تنظیمات و پیامک (بخش‌های ۶ و ۱۱) پیش‌فرض‌های بخش ۱۱ نشانده شده‌اند و تغییر در لاگ می‌ماند","status":"passed","title":"پیش‌فرض‌های بخش ۱۱ نشانده شده‌اند و تغییر در لاگ می‌ماند","duration":6.324986000000081,"failureMessages":[],"meta":{}},{"ancestorTitles":["تنظیمات و پیامک (بخش‌های ۶ و ۱۱)"],"fullName":"تنظیمات و پیامک (بخش‌های ۶ و ۱۱) متنِ پیامک‌ها با متغیرها پر می‌شود و مبلغ به تومان است","status":"passed","title":"متنِ پیامک‌ها با متغیرها پر می‌شود و مبلغ به تومان است","duration":5.207036000000244,"failureMessages":[],"meta":{}},{"ancestorTitles":["محاسبه‌ی خالصِ قیمت (بدون پایگاه)"],"fullName":"محاسبه‌ی خالصِ قیمت (بدون پایگاه) مهمان و عادی قیمت فروش، همکار قیمت همکاری","status":"passed","title":"مهمان و عادی قیمت فروش، همکار قیمت همکاری","duration":0.23159999999961656,"failureMessages":[],"meta":{}},{"ancestorTitles":["محاسبه‌ی خالصِ قیمت (بدون پایگاه)"],"fullName":"محاسبه‌ی خالصِ قیمت (بدون پایگاه) BR-03: پس از پایانِ بازه، تخفیف اعمال نمی‌شود","status":"passed","title":"BR-03: پس از پایانِ بازه، تخفیف اعمال نمی‌شود","duration":0.11173999999982698,"failureMessages":[],"meta":{}}],"startTime":1789753275109,"endTime":1789753275286.2317,"status":"passed","message":"","name":"/home/user/set-shop/packages/commerce/src/commerce.test.ts"},{"assertionResults":[{"ancestorTitles":["requeueSmsMessages"],"fullName":"requeueSmsMessages «ناموفقِ موقت» که در نوبت است، بازگردانی نمی‌شود (بی‌force)","status":"passed","title":"«ناموفقِ موقت» که در نوبت است، بازگردانی نمی‌شود (بی‌force)","duration":3091.589158,"failureMessages":[],"meta":{}},{"ancestorTitles":["requeueSmsMessages"],"fullName":"requeueSmsMessages پیامِ «ناامیدکننده» با خطایِ تنظیمی برمی‌گردد: attempts صفر، خطا پاک","status":"passed","title":"پیامِ «ناامیدکننده» با خطایِ تنظیمی برمی‌گردد: attempts صفر، خطا پاک","duration":2044.5900699999997,"failureMessages":[],"meta":{}},{"ancestorTitles":["requeueSmsMessages"],"fullName":"requeueSmsMessages پیامِ ردشده به‌خاطرِ «شماره در سیاه‌فهرست» برنمی‌گردد (بی‌force)","status":"passed","title":"پیامِ ردشده به‌خاطرِ «شماره در سیاه‌فهرست» برنمی‌گردد (بی‌force)","duration":1976.1461239999999,"failureMessages":[],"meta":{}},{"ancestorTitles":["requeueSmsMessages"],"fullName":"requeueSmsMessages با force همان سیاه‌فهرست هم برمی‌گردد — مدیر آگاهانه خواسته","status":"passed","title":"با force همان سیاه‌فهرست هم برمی‌گردد — مدیر آگاهانه خواسته","duration":1901.0010949999996,"failureMessages":[],"meta":{}},{"ancestorTitles":["requeueSmsMessages"],"fullName":"requeueSmsMessages پیامِ فرستاده‌شده هرگز دست نمی‌خورد، حتی با force","status":"passed","title":"پیامِ فرستاده‌شده هرگز دست نمی‌خورد، حتی با force","duration":1843.0362889999997,"failureMessages":[],"meta":{}},{"ancestorTitles":["requeueSmsMessages"],"fullName":"requeueSmsMessages «در صفِ عادی» بیدار نمی‌شود (بیکار است و شمارش را گمراه می‌کند)","status":"passed","title":"«در صفِ عادی» بیدار نمی‌شود (بیکار است و شمارش را گمراه می‌کند)","duration":1883.999538,"failureMessages":[],"meta":{}},{"ancestorTitles":["requeueSmsMessages"],"fullName":"requeueSmsMessages «ناموفقِ موقت» با includeWaiting آزاد می‌شود و بی‌آن‌که در نوبت بماند","status":"passed","title":"«ناموفقِ موقت» با includeWaiting آزاد می‌شود و بی‌آن‌که در نوبت بماند","duration":1958.5728259999996,"failureMessages":[],"meta":{}},{"ancestorTitles":["requeueSmsMessages"],"fullName":"requeueSmsMessages «در حالِ ارسال»ِ کارگرِ مرده آزاد می‌شود","status":"passed","title":"«در حالِ ارسال»ِ کارگرِ مرده آزاد می‌شود","duration":1910.7103789999983,"failureMessages":[],"meta":{}},{"ancestorTitles":["requeueSmsMessages"],"fullName":"requeueSmsMessages فیلترِ قالب + LIMIT با هم: پارامترها جابه‌جا نمی‌شوند","status":"passed","title":"فیلترِ قالب + LIMIT با هم: پارامترها جابه‌جا نمی‌شوند","duration":1904.6262750000024,"failureMessages":[],"meta":{}},{"ancestorTitles":["requeueSmsMessages"],"fullName":"requeueSmsMessages «قابلِ بازگردانی» در تشخیص، همان چیزی است که دکمه برمی‌گرداند","status":"passed","title":"«قابلِ بازگردانی» در تشخیص، همان چیزی است که دکمه برمی‌گرداند","duration":1877.3749730000018,"failureMessages":[],"meta":{}},{"ancestorTitles":["requeueSmsMessages"],"fullName":"requeueSmsMessages پیامِ «ناامیدکننده» بی‌خطا (هرگز last_error نگرفته) گم نمی‌شود","status":"passed","title":"پیامِ «ناامیدکننده» بی‌خطا (هرگز last_error نگرفته) گم نمی‌شود","duration":1972.456927000003,"failureMessages":[],"meta":{}},{"ancestorTitles":["requeueSmsMessages"],"fullName":"requeueSmsMessages «پیامی که صف را ساخته» با دست‌کاریِ وضعیت فرقی ندارد — صف از نو قابلِ استفاده است","status":"passed","title":"«پیامی که صف را ساخته» با دست‌کاریِ وضعیت فرقی ندارد — صف از نو قابلِ استفاده است","duration":2003.4357049999999,"failureMessages":[],"meta":{}},{"ancestorTitles":["smsReadiness"],"fullName":"smsReadiness همه‌چیز جور است: بدونِ بلاکر، «آمادهٔ ارسال»","status":"passed","title":"همه‌چیز جور است: بدونِ بلاکر، «آمادهٔ ارسال»","duration":1846.3690719999977,"failureMessages":[],"meta":{}},{"ancestorTitles":["smsReadiness"],"fullName":"smsReadiness ارائه‌دهنده انتخاب نشده: blocker با نامِ مسیرِ پنل","status":"passed","title":"ارائه‌دهنده انتخاب نشده: blocker با نامِ مسیرِ پنل","duration":2106.155347,"failureMessages":[],"meta":{}},{"ancestorTitles":["smsReadiness"],"fullName":"smsReadiness ارائه‌دهندهٔ ناآشنا: فهرستِ مجاز را می‌گوید","status":"passed","title":"ارائه‌دهندهٔ ناآشنا: فهرستِ مجاز را می‌گوید","duration":1969.1118080000015,"failureMessages":[],"meta":{}},{"ancestorTitles":["smsReadiness"],"fullName":"smsReadiness ملی‌پیامک: شکلِ «کاربری|گذرواژه» یادآوری می‌شود","status":"passed","title":"ملی‌پیامک: شکلِ «کاربری|گذرواژه» یادآوری می‌شود","duration":1838.3812030000008,"failureMessages":[],"meta":{}},{"ancestorTitles":["smsReadiness"],"fullName":"smsReadiness SMS_DRY_RUN روشن: با «آماده نیست» و توضیحِ خودش","status":"passed","title":"SMS_DRY_RUN روشن: با «آماده نیست» و توضیحِ خودش","duration":1813.6337050000038,"failureMessages":[],"meta":{}},{"ancestorTitles":["smsReadiness"],"fullName":"smsReadiness «ارسالِ پیامک» خاموش: هشدار است نه بلاکر، ولی «آمادهٔ ارسال» هم نیست","status":"passed","title":"«ارسالِ پیامک» خاموش: هشدار است نه بلاکر، ولی «آمادهٔ ارسال» هم نیست","duration":2205.8985639999955,"failureMessages":[],"meta":{}},{"ancestorTitles":["smsReadiness"],"fullName":"smsReadiness قالبِ بی‌شناسه با پیامِ در صف: در فهرستِ مسدودکننده‌ها می‌آید","status":"passed","title":"قالبِ بی‌شناسه با پیامِ در صف: در فهرستِ مسدودکننده‌ها می‌آید","duration":2126.445427999999,"failureMessages":[],"meta":{}},{"ancestorTitles":["smsReadiness"],"fullName":"smsReadiness پیامِ بی‌نوبتِ ۴۵ دقیقه‌ای: کارگر متهم می‌شود، نه تنظیمات","status":"passed","title":"پیامِ بی‌نوبتِ ۴۵ دقیقه‌ای: کارگر متهم می‌شود، نه تنظیمات","duration":2234.8550560000003,"failureMessages":[],"meta":{}},{"ancestorTitles":["smsReadiness"],"fullName":"smsReadiness «در حالِ ارسال» با مهلتِ آزادسازی اعلام می‌شود","status":"passed","title":"«در حالِ ارسال» با مهلتِ آزادسازی اعلام می‌شود","duration":2279.6687940000047,"failureMessages":[],"meta":{}},{"ancestorTitles":["الگویِ مشترکِ «خطایِ تنظیمی»"],"fullName":"الگویِ مشترکِ «خطایِ تنظیمی» تنظیمی‌ها را می‌شناسد و خطاهایِ سامانه را نه","status":"passed","title":"تنظیمی‌ها را می‌شناسد و خطاهایِ سامانه را نه","duration":2223.419858000001,"failureMessages":[],"meta":{}},{"ancestorTitles":["الگویِ مشترکِ «خطایِ تنظیمی»"],"fullName":"الگویِ مشترکِ «خطایِ تنظیمی» الگو در SQL همان الگوی TypeScript است (وگرنه تشخیص بی‌صدا می‌میرد)","status":"passed","title":"الگو در SQL همان الگوی TypeScript است (وگرنه تشخیص بی‌صدا می‌میرد)","duration":1905.8414090000006,"failureMessages":[],"meta":{}}],"startTime":1789753340925,"endTime":1789753387846.8413,"status":"passed","message":"","name":"/home/user/set-shop/packages/commerce/src/sms-diagnose.test.ts"},{"assertionResults":[{"ancestorTitles":["smsStats — سطل‌ها"],"fullName":"smsStats — سطل‌ها صفِ خالی: صفرها، بی‌تکانه، بی‌هشدار","status":"passed","title":"صفِ خالی: صفرها، بی‌تکانه، بی‌هشدار","duration":2807.533743,"failureMessages":[],"meta":{}},{"ancestorTitles":["smsStats — سطل‌ها"],"fullName":"smsStats — سطل‌ها هیچ پیامِ شمرده‌شده‌ای از نمودار جا نمی‌ماند (مرزِ پنجرهٔ SQL و JS)","status":"passed","title":"هیچ پیامِ شمرده‌شده‌ای از نمودار جا نمی‌ماند (مرزِ پنجرهٔ SQL و JS)","duration":2016.8451729999997,"failureMessages":[],"meta":{}},{"ancestorTitles":["smsStats — سطل‌ها"],"fullName":"smsStats — سطل‌ها سطل‌هایِ ساعتی درست پر می‌شوند (۱۰ دقیقه پیش و ۳ ساعت پیش در دو سطلِ متفاوت)","status":"passed","title":"سطل‌هایِ ساعتی درست پر می‌شوند (۱۰ دقیقه پیش و ۳ ساعت پیش در دو سطلِ متفاوت)","duration":2061.2554290000007,"failureMessages":[],"meta":{}},{"ancestorTitles":["smsStats — سطل‌ها"],"fullName":"smsStats — سطل‌ها سطل‌هایِ بی‌کار هم در خروجی‌اند (نمودار نباید پرشِ ساعت داشته باشد)","status":"passed","title":"سطل‌هایِ بی‌کار هم در خروجی‌اند (نمودار نباید پرشِ ساعت داشته باشد)","duration":1947.928307000001,"failureMessages":[],"meta":{}},{"ancestorTitles":["smsStats — سطل‌ها"],"fullName":"smsStats — سطل‌ها حدودِ hours: از ۳ تا ۱۶۸، بیرون از آن کلمپ می‌شود","status":"passed","title":"حدودِ hours: از ۳ تا ۱۶۸، بیرون از آن کلمپ می‌شود","duration":1948.5388299999995,"failureMessages":[],"meta":{}},{"ancestorTitles":["smsStats — «کارگر خواب است؟»"],"fullName":"smsStats — «کارگر خواب است؟» پیامِ نوبت‌خورده + آخرینِ تکانه ۸۰ دقیقه پیش = هشدار","status":"passed","title":"پیامِ نوبت‌خورده + آخرینِ تکانه ۸۰ دقیقه پیش = هشدار","duration":2002.8583639999997,"failureMessages":[],"meta":{}},{"ancestorTitles":["smsStats — «کارگر خواب است؟»"],"fullName":"smsStats — «کارگر خواب است؟» پیامِ نوبت‌خورده + تکانهٔ ۵ دقیقه پیش = بی‌هشدار","status":"passed","title":"پیامِ نوبت‌خورده + تکانهٔ ۵ دقیقه پیش = بی‌هشدار","duration":1950.0563709999988,"failureMessages":[],"meta":{}},{"ancestorTitles":["smsStats — «کارگر خواب است؟»"],"fullName":"smsStats — «کارگر خواب است؟» صفِ خالی و تکانهٔ کهنه: هشدار نیست (کاری نبوده که انجام شود)","status":"passed","title":"صفِ خالی و تکانهٔ کهنه: هشدار نیست (کاری نبوده که انجام شود)","duration":1879.1629900000007,"failureMessages":[],"meta":{}},{"ancestorTitles":["smsStats — «کارگر خواب است؟»"],"fullName":"smsStats — «کارگر خواب است؟» «ناامیدکننده» تنها، خودش صفِ نوبت‌خورده نیست — اما تکانهٔ کهنه هشدار می‌گیرد","status":"passed","title":"«ناامیدکننده» تنها، خودش صفِ نوبت‌خورده نیست — اما تکانهٔ کهنه هشدار می‌گیرد","duration":2034.1713689999997,"failureMessages":[],"meta":{}},{"ancestorTitles":["smsStats — «کارگر خواب است؟»"],"fullName":"smsStats — «کارگر خواب است؟» مهلتِ آستانه از پنل خوانده می‌شود (sms_worker_stale_minutes)","status":"passed","title":"مهلتِ آستانه از پنل خوانده می‌شود (sms_worker_stale_minutes)","duration":1824.706589999998,"failureMessages":[],"meta":{}},{"ancestorTitles":["smsStats — «کارگر خواب است؟»"],"fullName":"smsStats — «کارگر خواب است؟» هیچ‌وقت تکانه‌ای ندیده: «null دقیقه» در متنِ هشدار نمی‌نشیند","status":"passed","title":"هیچ‌وقت تکانه‌ای ندیده: «null دقیقه» در متنِ هشدار نمی‌نشیند","duration":1858.5920849999966,"failureMessages":[],"meta":{}},{"ancestorTitles":["smsStats — «کارگر خواب است؟»"],"fullName":"smsStats — «کارگر خواب است؟» همه در مهلتِ تلاشِ دوباره: نوبتی نیست، و توضیحش جدا از «خوابِ کارگر» است","status":"passed","title":"همه در مهلتِ تلاشِ دوباره: نوبتی نیست، و توضیحش جدا از «خوابِ کارگر» است","duration":1972.5860079999984,"failureMessages":[],"meta":{}},{"ancestorTitles":["smsStats — «کارگر خواب است؟»"],"fullName":"smsStats — «کارگر خواب است؟» «نوبتِ تلاشِ بعدیِ» یک پیامِ ناموفق، تکانه حساب نمی‌شود","status":"passed","title":"«نوبتِ تلاشِ بعدیِ» یک پیامِ ناموفق، تکانه حساب نمی‌شود","duration":1956.0916700000016,"failureMessages":[],"meta":{}},{"ancestorTitles":["smsStats — «کارگر خواب است؟»"],"fullName":"smsStats — «کارگر خواب است؟» خواندنِ زمان با هر دو شکلِ درایور کار می‌کند (Date در PGlite، رشته در pg)","status":"passed","title":"خواندنِ زمان با هر دو شکلِ درایور کار می‌کند (Date در PGlite، رشته در pg)","duration":1898.5590899999988,"failureMessages":[],"meta":{}}],"startTime":1789753458058,"endTime":1789753486219.559,"status":"passed","message":"","name":"/home/user/set-shop/packages/commerce/src/sms-monitoring.test.ts"},{"assertionResults":[{"ancestorTitles":["نگهبان «فقط ایران» رویِ درخواست‌هایِ بیرونی"],"fullName":"نگهبان «فقط ایران» رویِ درخواست‌هایِ بیرونی نشانی‌هایِ ایرانیِ سرویس رد نمی‌شوند","status":"passed","title":"نشانی‌هایِ ایرانیِ سرویس رد نمی‌شوند","duration":2902.663633,"failureMessages":[],"meta":{}},{"ancestorTitles":["نگهبان «فقط ایران» رویِ درخواست‌هایِ بیرونی"],"fullName":"نگهبان «فقط ایران» رویِ درخواست‌هایِ بیرونی هر دامنه‌یِ دیگر، بی‌آنکه درخواستی برود، رد می‌شود","status":"passed","title":"هر دامنه‌یِ دیگر، بی‌آنکه درخواستی برود، رد می‌شود","duration":2276.658682,"failureMessages":[],"meta":{}},{"ancestorTitles":["نگهبان «فقط ایران» رویِ درخواست‌هایِ بیرونی"],"fullName":"نگهبان «فقط ایران» رویِ درخواست‌هایِ بیرونی شبکه‌یِ داخلی و لوکال‌هاست آزاد است (استقرارِ آزمایشی، آزمون)","status":"passed","title":"شبکه‌یِ داخلی و لوکال‌هاست آزاد است (استقرارِ آزمایشی، آزمون)","duration":2052.5933799999993,"failureMessages":[],"meta":{}},{"ancestorTitles":["نگهبان «فقط ایران» رویِ درخواست‌هایِ بیرونی"],"fullName":"نگهبان «فقط ایران» رویِ درخواست‌هایِ بیرونی با STRICT_IRAN_ONLY=false، فهرست بی‌اثر می‌شود","status":"passed","title":"با STRICT_IRAN_ONLY=false، فهرست بی‌اثر می‌شود","duration":2189.046069,"failureMessages":[],"meta":{}},{"ancestorTitles":["نگهبان «فقط ایران» رویِ درخواست‌هایِ بیرونی"],"fullName":"نگهبان «فقط ایران» رویِ درخواست‌هایِ بیرونی http بیرونی حتی با خاموش‌بودنِ «فقط ایران» بسته می‌ماند","status":"passed","title":"http بیرونی حتی با خاموش‌بودنِ «فقط ایران» بسته می‌ماند","duration":1939.1571179999992,"failureMessages":[],"meta":{}},{"ancestorTitles":["نگهبان «فقط ایران» رویِ درخواست‌هایِ بیرونی"],"fullName":"نگهبان «فقط ایران» رویِ درخواست‌هایِ بیرونی guardedFetch تنها پس ازِ گذشتن از نگهبان صدا زده می‌شود","status":"passed","title":"guardedFetch تنها پس ازِ گذشتن از نگهبان صدا زده می‌شود","duration":1845.2045550000003,"failureMessages":[],"meta":{}},{"ancestorTitles":["جای‌نگهداری‌ها و قالبِ سامانه"],"fullName":"جای‌نگهداری‌ها و قالبِ سامانه ترتیبِ متغیرها از خودِ متن خوانده می‌شود، نه از الفبا","status":"passed","title":"ترتیبِ متغیرها از خودِ متن خوانده می‌شود، نه از الفبا","duration":1902.2370059999994,"failureMessages":[],"meta":{}},{"ancestorTitles":["جای‌نگهداری‌ها و قالبِ سامانه"],"fullName":"جای‌نگهداری‌ها و قالبِ سامانه با شناسهٔ قالب، مقادیر از متنِ رندرشده درمی‌آیند (نه نامِ متغیرها)","status":"passed","title":"با شناسهٔ قالب، مقادیر از متنِ رندرشده درمی‌آیند (نه نامِ متغیرها)","duration":1947.1065180000005,"failureMessages":[],"meta":{}},{"ancestorTitles":["جای‌نگهداری‌ها و قالبِ سامانه"],"fullName":"جای‌نگهداری‌ها و قالبِ سامانه بی‌شناسه‌یِ قالب، ارسالِ متنِ آزاد رد می‌شود و راه‌حل را می‌گوید","status":"passed","title":"بی‌شناسه‌یِ قالب، ارسالِ متنِ آزاد رد می‌شود و راه‌حل را می‌گوید","duration":1976.9324899999992,"failureMessages":[],"meta":{}},{"ancestorTitles":["کاوه‌نگار"],"fullName":"کاوه‌نگار با شناسهٔ قالب، lookup/send و token/token2/token3","status":"passed","title":"با شناسهٔ قالب، lookup/send و token/token2/token3","duration":1910.820509000001,"failureMessages":[],"meta":{}},{"ancestorTitles":["کاوه‌نگار"],"fullName":"کاوه‌نگار قالبِ بی‌شناسه از پنل → رد با پیامِ راهنما، بی‌درخواست","status":"passed","title":"قالبِ بی‌شناسه از پنل → رد با پیامِ راهنما، بی‌درخواست","duration":1769.7183939999995,"failureMessages":[],"meta":{}},{"ancestorTitles":["کاوه‌نگار"],"fullName":"کاوه‌نگار خطایِ ۵xx سامانه «تلاشِ دوباره‌پذیر» است و ۴xx نیست","status":"passed","title":"خطایِ ۵xx سامانه «تلاشِ دوباره‌پذیر» است و ۴xx نیست","duration":2047.0260740000012,"failureMessages":[],"meta":{}},{"ancestorTitles":["کاوه‌نگار"],"fullName":"کاوه‌نگار statusCodeِ غیر۲۰۰ در بدنه، خطاست (HTTP ۲۰۰ فریبنده است)","status":"passed","title":"statusCodeِ غیر۲۰۰ در بدنه، خطاست (HTTP ۲۰۰ فریبنده است)","duration":1794.8891520000034,"failureMessages":[],"meta":{}},{"ancestorTitles":["ملی‌پیامک و فراز"],"fullName":"ملی‌پیامک و فراز ملی‌پیامک: «کاربری|گذرواژه» و مسیرِ متفاوت برایِ قالب","status":"passed","title":"ملی‌پیامک: «کاربری|گذرواژه» و مسیرِ متفاوت برایِ قالب","duration":2503.6171590000013,"failureMessages":[],"meta":{}},{"ancestorTitles":["ملی‌پیامک و فراز"],"fullName":"ملی‌پیامک و فراز ملی‌پیامک با کلیدِ بی‌گذرواژه: خطایِ تنظیم، بی‌درخواست","status":"passed","title":"ملی‌پیامک با کلیدِ بی‌گذرواژه: خطایِ تنظیم، بی‌درخواست","duration":2242.5436609999997,"failureMessages":[],"meta":{}},{"ancestorTitles":["ملی‌پیامک و فراز"],"fullName":"ملی‌پیامک و فراز فراز: خطِ سرویس لازم است و count=0 یعنی شکست","status":"passed","title":"فراز: خطِ سرویس لازم است و count=0 یعنی شکست","duration":2404.6147329999985,"failureMessages":[],"meta":{}},{"ancestorTitles":["حلقهٔ ارسالِ پیامک"],"fullName":"حلقهٔ ارسالِ پیامک مهاجرتِ ۰۳۵ نشسته است (ستون‌ها و وضعیت‌هایِ تازه)","status":"passed","title":"مهاجرتِ ۰۳۵ نشسته است (ستون‌ها و وضعیت‌هایِ تازه)","duration":2049.399685999997,"failureMessages":[],"meta":{}},{"ancestorTitles":["حلقهٔ ارسالِ پیامک"],"fullName":"حلقهٔ ارسالِ پیامک پیامِ رسیده فرستاده می‌شود، با ارجاعِ سامانه و زمانِ ارسال","status":"passed","title":"پیامِ رسیده فرستاده می‌شود، با ارجاعِ سامانه و زمانِ ارسال","duration":2100.9128920000003,"failureMessages":[],"meta":{}},{"ancestorTitles":["حلقهٔ ارسالِ پیامک"],"fullName":"حلقهٔ ارسالِ پیامک قالبِ بی‌شناسه → پیام به dead می‌رود با پیامِ راهنما، نه یک ارسالِ بی‌مصرف","status":"passed","title":"قالبِ بی‌شناسه → پیام به dead می‌رود با پیامِ راهنما، نه یک ارسالِ بی‌مصرف","duration":2194.996459000002,"failureMessages":[],"meta":{}},{"ancestorTitles":["حلقهٔ ارسالِ پیامک"],"fullName":"حلقهٔ ارسالِ پیامک با شناسهٔ قالب در پنل، همان شناسه و متغیرها می‌روند","status":"passed","title":"با شناسهٔ قالب در پنل، همان شناسه و متغیرها می‌روند","duration":1837.4483269999982,"failureMessages":[],"meta":{}},{"ancestorTitles":["حلقهٔ ارسالِ پیامک"],"fullName":"حلقهٔ ارسالِ پیامک قطعیِ سامانه = تلاشِ دوباره با فاصله؛ سه بار و تمام → dead","status":"passed","title":"قطعیِ سامانه = تلاشِ دوباره با فاصله؛ سه بار و تمام → dead","duration":1877.331170000005,"failureMessages":[],"meta":{}},{"ancestorTitles":["حلقهٔ ارسالِ پیامک"],"fullName":"حلقهٔ ارسالِ پیامک پیام در صفِ نرسیده به نوبت، برداشته نمی‌شود (backoff واقعاً اِعمال می‌شود)","status":"passed","title":"پیام در صفِ نرسیده به نوبت، برداشته نمی‌شود (backoff واقعاً اِعمال می‌شود)","duration":2061.2884940000004,"failureMessages":[],"meta":{}},{"ancestorTitles":["حلقهٔ ارسالِ پیامک"],"fullName":"حلقهٔ ارسالِ پیامک خطایِ تنظیمی (کلیدِ غلط) فوراً به dead می‌رود؛ صفِ خراب را دوباره دوباره نفرست","status":"passed","title":"خطایِ تنظیمی (کلیدِ غلط) فوراً به dead می‌رود؛ صفِ خراب را دوباره دوباره نفرست","duration":1892.6834610000005,"failureMessages":[],"meta":{}},{"ancestorTitles":["حلقهٔ ارسالِ پیامک"],"fullName":"حلقهٔ ارسالِ پیامک SMS_DRY_RUN هیچ درخواستی بیرون نمی‌فرستد، اما پیام را گم نمی‌کند","status":"passed","title":"SMS_DRY_RUN هیچ درخواستی بیرون نمی‌فرستد، اما پیام را گم نمی‌کند","duration":2088.4860659999977,"failureMessages":[],"meta":{}},{"ancestorTitles":["حلقهٔ ارسالِ پیامک"],"fullName":"حلقهٔ ارسالِ پیامک بی‌«ارسال‌کننده» یا با سقفِ خاموش، صف دست‌نخورده می‌ماند","status":"passed","title":"بی‌«ارسال‌کننده» یا با سقفِ خاموش، صف دست‌نخورده می‌ماند","duration":2024.6881390000053,"failureMessages":[],"meta":{}},{"ancestorTitles":["حلقهٔ ارسالِ پیامک"],"fullName":"حلقهٔ ارسالِ پیامک «sending»ِ کارگرِ مرده آزاد و دوباره نوبت می‌گیرد","status":"passed","title":"«sending»ِ کارگرِ مرده آزاد و دوباره نوبت می‌گیرد","duration":2238.770980000001,"failureMessages":[],"meta":{}},{"ancestorTitles":["حلقهٔ ارسالِ پیامک"],"fullName":"حلقهٔ ارسالِ پیامک پیامِ بی‌قالب (متنِ آماده) رد می‌شود و دلیلش نوشته می‌شود — ارسالِ خودسر ممنوع","status":"passed","title":"پیامِ بی‌قالب (متنِ آماده) رد می‌شود و دلیلش نوشته می‌شود — ارسالِ خودسر ممنوع","duration":2067.6658129999996,"failureMessages":[],"meta":{}},{"ancestorTitles":["حلقهٔ ارسالِ پیامک"],"fullName":"حلقهٔ ارسالِ پیامک claim قفل می‌کند و attempts را یک‌بار بالا می‌برد","status":"passed","title":"claim قفل می‌کند و attempts را یک‌بار بالا می‌برد","duration":2263.699870999997,"failureMessages":[],"meta":{}},{"ancestorTitles":["حلقهٔ ارسالِ پیامک"],"fullName":"حلقهٔ ارسالِ پیامک تنظیماتِ پنل بر محیط مقدم است، و ناآشنا بی‌سر‌و‌صدا به none می‌افتد","status":"passed","title":"تنظیماتِ پنل بر محیط مقدم است، و ناآشنا بی‌سر‌و‌صدا به none می‌افتد","duration":1852.033421,"failureMessages":[],"meta":{}},{"ancestorTitles":["بازگردانیِ مقادیر از متنِ رندرشده (باگِ token=order)"],"fullName":"بازگردانیِ مقادیر از متنِ رندرشده (باگِ token=order) قطعه‌بندیِ قالب، دُمِ متن را هم نگه می‌دارد","status":"passed","title":"قطعه‌بندیِ قالب، دُمِ متن را هم نگه می‌دارد","duration":2273.5701560000016,"failureMessages":[],"meta":{}},{"ancestorTitles":["بازگردانیِ مقادیر از متنِ رندرشده (باگِ token=order)"],"fullName":"بازگردانیِ مقادیر از متنِ رندرشده (باگِ token=order) مقادیرِ واقعی بیرون کشیده می‌شوند، نه نامِ جای‌نگهداری‌ها","status":"passed","title":"مقادیرِ واقعی بیرون کشیده می‌شوند، نه نامِ جای‌نگهداری‌ها","duration":1915.1125879999963,"failureMessages":[],"meta":{}},{"ancestorTitles":["بازگردانیِ مقادیر از متنِ رندرشده (باگِ token=order)"],"fullName":"بازگردانیِ مقادیر از متنِ رندرشده (باگِ token=order) قالبِ بی‌متغیر: بی‌متغیر می‌فرستد و این خطا نیست","status":"passed","title":"قالبِ بی‌متغیر: بی‌متغیر می‌فرستد و این خطا نیست","duration":1866.6116019999972,"failureMessages":[],"meta":{}},{"ancestorTitles":["بازگردانیِ مقادیر از متنِ رندرشده (باگِ token=order)"],"fullName":"بازگردانیِ مقادیر از متنِ رندرشده (باگِ token=order) متنِ ناسازگار با قالب → رد، با پیامِ خوانا","status":"passed","title":"متنِ ناسازگار با قالب → رد، با پیامِ خوانا","duration":1987.4451479999989,"failureMessages":[],"meta":{}},{"ancestorTitles":["دریچه‌هایِ آگاهانهٔ نگهبان"],"fullName":"دریچه‌هایِ آگاهانهٔ نگهبان SMS_EXTRA_HOSTS میزبانِ ناآشنا را مجاز می‌کند — و فقط همان میزبان را","status":"passed","title":"SMS_EXTRA_HOSTS میزبانِ ناآشنا را مجاز می‌کند — و فقط همان میزبان را","duration":2042.0280869999988,"failureMessages":[],"meta":{}},{"ancestorTitles":["دریچه‌هایِ آگاهانهٔ نگهبان"],"fullName":"دریچه‌هایِ آگاهانهٔ نگهبان فهرست از محیط: ویرگول‌جدا، بی‌فاصله، بدونِ حساسیت به بزرگ‌کیچ","status":"passed","title":"فهرست از محیط: ویرگول‌جدا، بی‌فاصله، بدونِ حساسیت به بزرگ‌کیچ","duration":2331.5432719999953,"failureMessages":[],"meta":{}},{"ancestorTitles":["دریچه‌هایِ آگاهانهٔ نگهبان"],"fullName":"دریچه‌هایِ آگاهانهٔ نگهبان مهلتِ درخواست: fetchِ بی‌پاسخ، «موقت» رد می‌شود و آزمون معلق نمی‌ماند","status":"passed","title":"مهلتِ درخواست: fetchِ بی‌پاسخ، «موقت» رد می‌شود و آزمون معلق نمی‌ماند","duration":2290.60913099999,"failureMessages":[],"meta":{}},{"ancestorTitles":["دریچه‌هایِ آگاهانهٔ نگهبان"],"fullName":"دریچه‌هایِ آگاهانهٔ نگهبان مهلت به پیاده‌سازیِ پایینی رحم نمی‌کند: پاسخِ دیرهنگام هم رد می‌شود","status":"passed","title":"مهلت به پیاده‌سازیِ پایینی رحم نمی‌کند: پاسخِ دیرهنگام هم رد می‌شود","duration":1990.2530359999946,"failureMessages":[],"meta":{}},{"ancestorTitles":["دریچه‌هایِ آگاهانهٔ نگهبان"],"fullName":"دریچه‌هایِ آگاهانهٔ نگهبان timeoutMs=0 یعنی بی‌مهلت (برایِ آزمون و استقرارِ کند)","status":"passed","title":"timeoutMs=0 یعنی بی‌مهلت (برایِ آزمون و استقرارِ کند)","duration":2067.224310999998,"failureMessages":[],"meta":{}},{"ancestorTitles":["sendSmsTest — یک پیامکِ تک برایِ «کلیدم کار می‌کند؟»"],"fullName":"sendSmsTest — یک پیامکِ تک برایِ «کلیدم کار می‌کند؟» شماره‌یِ بی‌اعتبار: بی‌هیچ درخواستی رد می‌شود","status":"passed","title":"شماره‌یِ بی‌اعتبار: بی‌هیچ درخواستی رد می‌شود","duration":1981.5502089999936,"failureMessages":[],"meta":{}},{"ancestorTitles":["sendSmsTest — یک پیامکِ تک برایِ «کلیدم کار می‌کند؟»"],"fullName":"sendSmsTest — یک پیامکِ تک برایِ «کلیدم کار می‌کند؟» شماره‌یِ «۹۱۲…» (بی‌پیش‌شماره) پذیرفته و نرمال می‌شود — بی‌اعتبار تحریف نمی‌شود","status":"passed","title":"شماره‌یِ «۹۱۲…» (بی‌پیش‌شماره) پذیرفته و نرمال می‌شود — بی‌اعتبار تحریف نمی‌شود","duration":2011.0247640000016,"failureMessages":[],"meta":{}},{"ancestorTitles":["sendSmsTest — یک پیامکِ تک برایِ «کلیدم کار می‌کند؟»"],"fullName":"sendSmsTest — یک پیامکِ تک برایِ «کلیدم کار می‌کند؟» «کلیدِ ارسال‌کننده» خالی: می‌گوید کدام خانه را پر کن، بی‌درخواست","status":"passed","title":"«کلیدِ ارسال‌کننده» خالی: می‌گوید کدام خانه را پر کن، بی‌درخواست","duration":1906.0154170000023,"failureMessages":[],"meta":{}},{"ancestorTitles":["sendSmsTest — یک پیامکِ تک برایِ «کلیدم کار می‌کند؟»"],"fullName":"sendSmsTest — یک پیامکِ تک برایِ «کلیدم کار می‌کند؟» قالبِ برچسب‌دار: همان مسیرِ کارگر — شناسهٔ قالب + مقدارهایِ بیرون‌کشیده‌شده از متن","status":"passed","title":"قالبِ برچسب‌دار: همان مسیرِ کارگر — شناسهٔ قالب + مقدارهایِ بیرون‌کشیده‌شده از متن","duration":1904.7567200000049,"failureMessages":[],"meta":{}},{"ancestorTitles":["sendSmsTest — یک پیامکِ تک برایِ «کلیدم کار می‌کند؟»"],"fullName":"sendSmsTest — یک پیامکِ تک برایِ «کلیدم کار می‌کند؟» قالبِ بی‌برچسب: متنِ آزاد می‌رود و پنل هشدار می‌گیرد (نه خطایِ خاموش)","status":"passed","title":"قالبِ بی‌برچسب: متنِ آزاد می‌رود و پنل هشدار می‌گیرد (نه خطایِ خاموش)","duration":2019.8770369999984,"failureMessages":[],"meta":{}},{"ancestorTitles":["sendSmsTest — یک پیامکِ تک برایِ «کلیدم کار می‌کند؟»"],"fullName":"sendSmsTest — یک پیامکِ تک برایِ «کلیدم کار می‌کند؟» SMS_DRY_RUN: همه‌چیز آماده می‌شود اما درخواستی بیرون نمی‌رود","status":"passed","title":"SMS_DRY_RUN: همه‌چیز آماده می‌شود اما درخواستی بیرون نمی‌رود","duration":1939.1952769999916,"failureMessages":[],"meta":{}},{"ancestorTitles":["sendSmsTest — یک پیامکِ تک برایِ «کلیدم کار می‌کند؟»"],"fullName":"sendSmsTest — یک پیامکِ تک برایِ «کلیدم کار می‌کند؟» آزمون، چیزی در صفِ واقعی نمی‌نویسد","status":"passed","title":"آزمون، چیزی در صفِ واقعی نمی‌نویسد","duration":1830.7324490000028,"failureMessages":[],"meta":{}},{"ancestorTitles":["sendSmsTest — یک پیامکِ تک برایِ «کلیدم کار می‌کند؟»"],"fullName":"sendSmsTest — یک پیامکِ تک برایِ «کلیدم کار می‌کند؟» پالایش «فقط ایران» رویِ آزمون هم اجرا می‌شود (نه فقط رویِ کارگر)","status":"passed","title":"پالایش «فقط ایران» رویِ آزمون هم اجرا می‌شود (نه فقط رویِ کارگر)","duration":1930.3904820000025,"failureMessages":[],"meta":{}}],"startTime":1789753086969,"endTime":1789753181520.3904,"status":"passed","message":"","name":"/home/user/set-shop/packages/commerce/src/sms-send.test.ts"},{"assertionResults":[{"ancestorTitles":["درخواست"],"fullName":"درخواست کالایِ ناموجود در صف می‌نشیند","status":"passed","title":"کالایِ ناموجود در صف می‌نشیند","duration":14.506781000000046,"failureMessages":[],"meta":{}},{"ancestorTitles":["درخواست"],"fullName":"درخواست کالایِ موجود را در صف نمی‌نشاند — می‌گوید همین حالا بخر","status":"passed","title":"کالایِ موجود را در صف نمی‌نشاند — می‌گوید همین حالا بخر","duration":5.442994999999883,"failureMessages":[],"meta":{}},{"ancestorTitles":["درخواست"],"fullName":"درخواست درخواستِ دوم، همان درخواستِ نخست است — نه صفِ دو نفره","status":"passed","title":"درخواستِ دوم، همان درخواستِ نخست است — نه صفِ دو نفره","duration":11.838362999999845,"failureMessages":[],"meta":{}},{"ancestorTitles":["درخواست"],"fullName":"درخواست دو مشتری جداگانه در صف می‌نشینند","status":"passed","title":"دو مشتری جداگانه در صف می‌نشینند","duration":12.636791999999787,"failureMessages":[],"meta":{}},{"ancestorTitles":["درخواست"],"fullName":"درخواست تنوع‌ها از هم جدایند — انتظار برایِ مشکی یعنی فقط مشکی","status":"passed","title":"تنوع‌ها از هم جدایند — انتظار برایِ مشکی یعنی فقط مشکی","duration":10.265783000000283,"failureMessages":[],"meta":{}},{"ancestorTitles":["درخواست"],"fullName":"درخواست بی‌هیچ راهِ ارتباطی پذیرفته نمی‌شود","status":"passed","title":"بی‌هیچ راهِ ارتباطی پذیرفته نمی‌شود","duration":7.68469499999992,"failureMessages":[],"meta":{}},{"ancestorTitles":["درخواست"],"fullName":"درخواست مهمان با شماره هم می‌تواند در صف بنشیند","status":"passed","title":"مهمان با شماره هم می‌تواند در صف بنشیند","duration":9.69251899999972,"failureMessages":[],"meta":{}},{"ancestorTitles":["آگاه‌سازی"],"fullName":"آگاه‌سازی تا کالا موجود نشود، پیامی نمی‌رود","status":"passed","title":"تا کالا موجود نشود، پیامی نمی‌رود","duration":16.35795700000017,"failureMessages":[],"meta":{}},{"ancestorTitles":["آگاه‌سازی"],"fullName":"آگاه‌سازی با رسیدنِ کالا، پیام می‌رود و درخواست بسته می‌شود","status":"passed","title":"با رسیدنِ کالا، پیام می‌رود و درخواست بسته می‌شود","duration":16.81554300000016,"failureMessages":[],"meta":{}},{"ancestorTitles":["آگاه‌سازی"],"fullName":"آگاه‌سازی پیامِ دوم برایِ همان درخواست نمی‌رود","status":"passed","title":"پیامِ دوم برایِ همان درخواست نمی‌رود","duration":16.589408000000276,"failureMessages":[],"meta":{}},{"ancestorTitles":["آگاه‌سازی"],"fullName":"آگاه‌سازی موجودیِ رزروشده «موجود» نیست — پس پیام نمی‌رود","status":"passed","title":"موجودیِ رزروشده «موجود» نیست — پس پیام نمی‌رود","duration":7.498023000000103,"failureMessages":[],"meta":{}},{"ancestorTitles":["آگاه‌سازی"],"fullName":"آگاه‌سازی کسی که تنها رایانامه داده، پیامکی نمی‌گیرد — و در صف می‌ماند","status":"passed","title":"کسی که تنها رایانامه داده، پیامکی نمی‌گیرد — و در صف می‌ماند","duration":7.110580999999911,"failureMessages":[],"meta":{}},{"ancestorTitles":["آگاه‌سازی"],"fullName":"آگاه‌سازی آگاه‌سازی در سطحِ کالا، همه‌یِ تنوع‌ها را می‌پوشاند","status":"passed","title":"آگاه‌سازی در سطحِ کالا، همه‌یِ تنوع‌ها را می‌پوشاند","duration":23.37512800000013,"failureMessages":[],"meta":{}},{"ancestorTitles":["لغو"],"fullName":"لغو درخواست لغو می‌شود","status":"passed","title":"درخواست لغو می‌شود","duration":7.82598199999984,"failureMessages":[],"meta":{}},{"ancestorTitles":["لغو"],"fullName":"لغو لغوِ دوباره بی‌اثر است","status":"passed","title":"لغوِ دوباره بی‌اثر است","duration":9.17828099999997,"failureMessages":[],"meta":{}},{"ancestorTitles":["لغو"],"fullName":"لغو فهرستِ انتظارهایِ مشتری","status":"passed","title":"فهرستِ انتظارهایِ مشتری","duration":20.232218999999986,"failureMessages":[],"meta":{}}],"startTime":1789753502383,"endTime":1789753502581.2322,"status":"passed","message":"","name":"/home/user/set-shop/packages/commerce/src/stock-alerts.test.ts"},{"assertionResults":[{"ancestorTitles":["نرمال‌سازیِ کد"],"fullName":"نرمال‌سازیِ کد فاصله و حروفِ کوچک را یک‌دست می‌کند","status":"passed","title":"فاصله و حروفِ کوچک را یک‌دست می‌کند","duration":6.061166999999841,"failureMessages":[],"meta":{}},{"ancestorTitles":["نرمال‌سازیِ کد"],"fullName":"نرمال‌سازیِ کد دو کدِ هم‌ارز، یکی ذخیره می‌شوند","status":"passed","title":"دو کدِ هم‌ارز، یکی ذخیره می‌شوند","duration":7.530104999999821,"failureMessages":[],"meta":{}},{"ancestorTitles":["ساخت و اعتبارسنجیِ ورودی"],"fullName":"ساخت و اعتبارسنجیِ ورودی کدِ تهی رد می‌شود","status":"passed","title":"کدِ تهی رد می‌شود","duration":4.084249999999884,"failureMessages":[],"meta":{}},{"ancestorTitles":["ساخت و اعتبارسنجیِ ورودی"],"fullName":"ساخت و اعتبارسنجیِ ورودی درصدِ بیش از ۱۰۰ رد می‌شود","status":"passed","title":"درصدِ بیش از ۱۰۰ رد می‌شود","duration":3.143314000000373,"failureMessages":[],"meta":{}},{"ancestorTitles":["ساخت و اعتبارسنجیِ ورودی"],"fullName":"ساخت و اعتبارسنجیِ ورودی مبلغِ صفر رد می‌شود","status":"passed","title":"مبلغِ صفر رد می‌شود","duration":2.906394000000091,"failureMessages":[],"meta":{}},{"ancestorTitles":["ساخت و اعتبارسنجیِ ورودی"],"fullName":"ساخت و اعتبارسنجیِ ورودی کوپنِ کالا بی‌کالا رد می‌شود","status":"passed","title":"کوپنِ کالا بی‌کالا رد می‌شود","duration":2.844767999999931,"failureMessages":[],"meta":{}},{"ancestorTitles":["ساخت و اعتبارسنجیِ ورودی"],"fullName":"ساخت و اعتبارسنجیِ ورودی بازه‌یِ وارونه رد می‌شود","status":"passed","title":"بازه‌یِ وارونه رد می‌شود","duration":2.7917209999995976,"failureMessages":[],"meta":{}},{"ancestorTitles":["حسابِ تخفیف"],"fullName":"حسابِ تخفیف درصدی: ۱۰٪ از مبلغِ مشمول","status":"passed","title":"درصدی: ۱۰٪ از مبلغِ مشمول","duration":4.446596000000227,"failureMessages":[],"meta":{}},{"ancestorTitles":["حسابِ تخفیف"],"fullName":"حسابِ تخفیف درصدیِ نیم‌بند: ۱۲٫۵٪ دقیق","status":"passed","title":"درصدیِ نیم‌بند: ۱۲٫۵٪ دقیق","duration":5.326850000000377,"failureMessages":[],"meta":{}},{"ancestorTitles":["حسابِ تخفیف"],"fullName":"حسابِ تخفیف سقفِ تخفیف از درصد جلو می‌زند","status":"passed","title":"سقفِ تخفیف از درصد جلو می‌زند","duration":3.782487000000401,"failureMessages":[],"meta":{}},{"ancestorTitles":["حسابِ تخفیف"],"fullName":"حسابِ تخفیف مبلغی: از ارزشِ کالا بیشتر نمی‌شود","status":"passed","title":"مبلغی: از ارزشِ کالا بیشتر نمی‌شود","duration":3.8532869999999093,"failureMessages":[],"meta":{}},{"ancestorTitles":["حسابِ تخفیف"],"fullName":"حسابِ تخفیف کوپنِ کالا: فقط ردیفِ همان کالا","status":"passed","title":"کوپنِ کالا: فقط ردیفِ همان کالا","duration":4.764187999999649,"failureMessages":[],"meta":{}},{"ancestorTitles":["حسابِ تخفیف"],"fullName":"حسابِ تخفیف کوپنِ دسته: فرزندانِ دسته را هم می‌گیرد","status":"passed","title":"کوپنِ دسته: فرزندانِ دسته را هم می‌گیرد","duration":4.101552999999967,"failureMessages":[],"meta":{}},{"ancestorTitles":["حسابِ تخفیف"],"fullName":"حسابِ تخفیف سبدِ بی‌هیچ کالایِ مشمول، پیامِ روشن می‌دهد","status":"passed","title":"سبدِ بی‌هیچ کالایِ مشمول، پیامِ روشن می‌دهد","duration":4.177524000000176,"failureMessages":[],"meta":{}},{"ancestorTitles":["حسابِ تخفیف"],"fullName":"حسابِ تخفیف مجموعِ سهمِ ردیف‌ها دقیقاً برابرِ تخفیفِ کل است (ریالی گم نمی‌شود)","status":"passed","title":"مجموعِ سهمِ ردیف‌ها دقیقاً برابرِ تخفیفِ کل است (ریالی گم نمی‌شود)","duration":5.147435999999743,"failureMessages":[],"meta":{}},{"ancestorTitles":["ارزیابیِ کوپن"],"fullName":"ارزیابیِ کوپن کدِ ناشناس: پیامِ «پیدا نشد»","status":"passed","title":"کدِ ناشناس: پیامِ «پیدا نشد»","duration":3.5722420000001875,"failureMessages":[],"meta":{}},{"ancestorTitles":["ارزیابیِ کوپن"],"fullName":"ارزیابیِ کوپن کوپنِ غیرفعال","status":"passed","title":"کوپنِ غیرفعال","duration":6.624133000000256,"failureMessages":[],"meta":{}},{"ancestorTitles":["ارزیابیِ کوپن"],"fullName":"ارزیابیِ کوپن کوپنِ منقضی","status":"passed","title":"کوپنِ منقضی","duration":5.589010000000144,"failureMessages":[],"meta":{}},{"ancestorTitles":["ارزیابیِ کوپن"],"fullName":"ارزیابیِ کوپن کوپنِ هنوز آغازنشده","status":"passed","title":"کوپنِ هنوز آغازنشده","duration":4.582256000000143,"failureMessages":[],"meta":{}},{"ancestorTitles":["ارزیابیِ کوپن"],"fullName":"ارزیابیِ کوپن ظرفیتِ تمام‌شده","status":"passed","title":"ظرفیتِ تمام‌شده","duration":7.6325950000000375,"failureMessages":[],"meta":{}},{"ancestorTitles":["ارزیابیِ کوپن"],"fullName":"ارزیابیِ کوپن سقفِ هر مشتری","status":"passed","title":"سقفِ هر مشتری","duration":15.834405999999944,"failureMessages":[],"meta":{}},{"ancestorTitles":["ارزیابیِ کوپن"],"fullName":"ارزیابیِ کوپن کوپنِ معتبر با حروفِ کوچک هم پیدا می‌شود","status":"passed","title":"کوپنِ معتبر با حروفِ کوچک هم پیدا می‌شود","duration":4.581873000000087,"failureMessages":[],"meta":{}},{"ancestorTitles":["مصرف و آزادسازی"],"fullName":"مصرف و آزادسازی مصرف، شمارنده را بالا می‌برد و رکورد می‌سازد","status":"passed","title":"مصرف، شمارنده را بالا می‌برد و رکورد می‌سازد","duration":14.245985000000019,"failureMessages":[],"meta":{}},{"ancestorTitles":["مصرف و آزادسازی"],"fullName":"مصرف و آزادسازی مصرفِ فراتر از ظرفیت رد می‌شود","status":"passed","title":"مصرفِ فراتر از ظرفیت رد می‌شود","duration":8.492327999999816,"failureMessages":[],"meta":{}},{"ancestorTitles":["مصرف و آزادسازی"],"fullName":"مصرف و آزادسازی مصرفِ دومِ همان مشتری رد می‌شود","status":"passed","title":"مصرفِ دومِ همان مشتری رد می‌شود","duration":10.41049299999986,"failureMessages":[],"meta":{}},{"ancestorTitles":["مصرف و آزادسازی"],"fullName":"مصرف و آزادسازی لغوِ سفارش، نوبت را برمی‌گرداند","status":"passed","title":"لغوِ سفارش، نوبت را برمی‌گرداند","duration":10.770762999999988,"failureMessages":[],"meta":{}},{"ancestorTitles":["مصرف و آزادسازی"],"fullName":"مصرف و آزادسازی آزادسازیِ سفارشِ بی‌کوپن، بی‌زیان است","status":"passed","title":"آزادسازیِ سفارشِ بی‌کوپن، بی‌زیان است","duration":3.315787999999884,"failureMessages":[],"meta":{}},{"ancestorTitles":["مصرف و آزادسازی"],"fullName":"مصرف و آزادسازی شمارنده هرگز زیرِ صفر نمی‌رود","status":"passed","title":"شمارنده هرگز زیرِ صفر نمی‌رود","duration":7.523368000000119,"failureMessages":[],"meta":{}},{"ancestorTitles":["مدیریت از پنل"],"fullName":"مدیریت از پنل فهرست، فعال‌ها را پیش‌فرض می‌آورد","status":"passed","title":"فهرست، فعال‌ها را پیش‌فرض می‌آورد","duration":8.084655000000112,"failureMessages":[],"meta":{}},{"ancestorTitles":["مدیریت از پنل"],"fullName":"مدیریت از پنل جستجو بر کد و عنوان","status":"passed","title":"جستجو بر کد و عنوان","duration":7.9034529999998995,"failureMessages":[],"meta":{}},{"ancestorTitles":["مدیریت از پنل"],"fullName":"مدیریت از پنل ویرایشِ مبلغ، نوع را نیمه‌کاره نمی‌گذارد","status"
[...]
دِ مالیاتی با فرمولِ سازمان ساخته می‌شود","duration":2.430692000000363,"failureMessages":[],"meta":{}},{"ancestorTitles":["شناسه و ساختارِ صورتحساب"],"fullName":"شناسه و ساختارِ صورتحساب هگزِ تاریخ و سریال همان قالبِ مستندات را دارد","status":"passed","title":"هگزِ تاریخ و سریال همان قالبِ مستندات را دارد","duration":0.4947109999998247,"failureMessages":[],"meta":{}},{"ancestorTitles":["شناسه و ساختارِ صورتحساب"],"fullName":"شناسه و ساختارِ صورتحساب رقمِ کنترلیِ وِرهوف جابه‌جاییِ ارقام را می‌گیرد","status":"passed","title":"رقمِ کنترلیِ وِرهوف جابه‌جاییِ ارقام را می‌گیرد","duration":0.26513299999987794,"failureMessages":[],"meta":{}},{"ancestorTitles":["شناسه و ساختارِ صورتحساب"],"fullName":"شناسه و ساختارِ صورتحساب جمع‌هایِ سرآمد با فرمولِ سامانه هم‌خوان است (cap و tbill)","status":"passed","title":"جمع‌هایِ سرآمد با فرمولِ سامانه هم‌خوان است (cap و tbill)","duration":0.31559100000004037,"failureMessages":[],"meta":{}},{"ancestorTitles":["شناسه و ساختارِ صورتحساب"],"fullName":"شناسه و ساختارِ صورتحساب صورتحسابی که کالایش شناسه‌یِ کالا/خدمت ندارد، پیش از ارسال رد می‌شود","status":"passed","title":"صورتحسابی که کالایش شناسه‌یِ کالا/خدمت ندارد، پیش از ارسال رد می‌شود","duration":0.3956910000001699,"failureMessages":[],"meta":{}},{"ancestorTitles":["شناسه و ساختارِ صورتحساب"],"fullName":"شناسه و ساختارِ صورتحساب خریدارِ حقوقیِ بی‌شناسه رد می‌شود اما خریدارِ حقیقی پذیرفته است","status":"passed","title":"خریدارِ حقوقیِ بی‌شناسه رد می‌شود اما خریدارِ حقیقی پذیرفته است","duration":0.777002000000266,"failureMessages":[],"meta":{}},{"ancestorTitles":["شناسه و ساختارِ صورتحساب"],"fullName":"شناسه و ساختارِ صورتحساب بسته‌یِ نهایی فیلدهایِ الزامی را دارد و هزینه‌یِ ارسال را به ردیف تبدیل می‌کند","status":"passed","title":"بسته‌یِ نهایی فیلدهایِ الزامی را دارد و هزینه‌یِ ارسال را به ردیف تبدیل می‌کند","duration":0.6827880000000732,"failureMessages":[],"meta":{}},{"ancestorTitles":["صفِ ارسال"],"fullName":"صفِ ارسال دوبار در صف گذاشتنِ یک سفارش، دو ردیف نمی‌سازد","status":"passed","title":"دوبار در صف گذاشتنِ یک سفارش، دو ردیف نمی‌سازد","duration":7.286579000000074,"failureMessages":[],"meta":{}},{"ancestorTitles":["صفِ ارسال"],"fullName":"صفِ ارسال دسته‌یِ برداشته‌شده دوباره به کارگرِ دیگر داده نمی‌شود","status":"passed","title":"دسته‌یِ برداشته‌شده دوباره به کارگرِ دیگر داده نمی‌شود","duration":7.765456000000086,"failureMessages":[],"meta":{}},{"ancestorTitles":["صفِ ارسال"],"fullName":"صفِ ارسال شکست، تلاشِ دوباره را به زمانِ آینده می‌سپارد تا سرور خفه نشود","status":"passed","title":"شکست، تلاشِ دوباره را به زمانِ آینده می‌سپارد تا سرور خفه نشود","duration":7.953190000000177,"failureMessages":[],"meta":{}},{"ancestorTitles":["صفِ ارسال"],"fullName":"صفِ ارسال ردشده با تلاشِ دستی به صف برمی‌گردد تا پس از اصلاح فرستاده شود","status":"passed","title":"ردشده با تلاشِ دستی به صف برمی‌گردد تا پس از اصلاح فرستاده شود","duration":6.652196999999887,"failureMessages":[],"meta":{}},{"ancestorTitles":["گردشِ کامل تا تأیید"],"fullName":"گردشِ کامل تا تأیید سفارشِ پرداخت‌شده صورتحساب می‌سازد، فرستاده می‌شود و تأیید می‌گردد","status":"passed","title":"سفارشِ پرداخت‌شده صورتحساب می‌سازد، فرستاده می‌شود و تأیید می‌گردد","duration":20.95811500000036,"failureMessages":[],"meta":{}},{"ancestorTitles":["گردشِ کامل تا تأیید"],"fullName":"گردشِ کامل تا تأیید کالایِ بی‌شناسه، صورتحسابِ ردشده می‌سازد و هرگز ارسال نمی‌شود","status":"passed","title":"کالایِ بی‌شناسه، صورتحسابِ ردشده می‌سازد و هرگز ارسال نمی‌شود","duration":15.931149999999889,"failureMessages":[],"meta":{}},{"ancestorTitles":["گردشِ کامل تا تأیید"],"fullName":"گردشِ کامل تا تأیید ردیفِ گیرکرده در «در حالِ ارسال» خودبه‌خود به صف برمی‌گردد","status":"passed","title":"ردیفِ گیرکرده در «در حالِ ارسال» خودبه‌خود به صف برمی‌گردد","duration":7.502907999999934,"failureMessages":[],"meta":{}},{"ancestorTitles":["اظهارنامه‌یِ ارزش‌افزوده"],"fullName":"اظهارنامه‌یِ ارزش‌افزوده مرزهایِ ماهِ شمسی درست است (۱۴۰۵/۰۱/۰۱ برابر با ۲۱ مارس ۲۰۲۶)","status":"passed","title":"مرزهایِ ماهِ شمسی درست است (۱۴۰۵/۰۱/۰۱ برابر با ۲۱ مارس ۲۰۲۶)","duration":0.6570859999997083,"failureMessages":[],"meta":{}},{"ancestorTitles":["اظهارنامه‌یِ ارزش‌افزوده"],"fullName":"اظهارنامه‌یِ ارزش‌افزوده کلیدِ دوره از تاریخِ میلادی درست بیرون می‌آید","status":"passed","title":"کلیدِ دوره از تاریخِ میلادی درست بیرون می‌آید","duration":0.13762099999985367,"failureMessages":[],"meta":{}},{"ancestorTitles":["اظهارنامه‌یِ ارزش‌افزوده"],"fullName":"اظهارنامه‌یِ ارزش‌افزوده مالیاتِ برون‌داد منهایِ درون‌داد، بدهیِ دوره است","status":"passed","title":"مالیاتِ برون‌داد منهایِ درون‌داد، بدهیِ دوره است","duration":11.928280000000086,"failureMessages":[],"meta":{}},{"ancestorTitles":["اظهارنامه‌یِ ارزش‌افزوده"],"fullName":"اظهارنامه‌یِ ارزش‌افزوده کالاهایِ بی‌شناسه فهرست می‌شوند و با ثبتِ شناسه از فهرست می‌روند","status":"passed","title":"کالاهایِ بی‌شناسه فهرست می‌شوند و با ثبتِ شناسه از فهرست می‌روند","duration":3.133006999999907,"failureMessages":[],"meta":{}},{"ancestorTitles":["اظهارنامه‌یِ ارزش‌افزوده"],"fullName":"اظهارنامه‌یِ ارزش‌افزوده تنظیماتِ مالیاتی از پایگاه خوانده می‌شود","status":"passed","title":"تنظیماتِ مالیاتی از پایگاه خوانده می‌شود","duration":0.9152799999997114,"failureMessages":[],"meta":{}},{"ancestorTitles":["بازسازیِ صورتحسابِ اصلاحیِ فرستاده‌نشده"],"fullName":"بازسازیِ صورتحسابِ اصلاحیِ فرستاده‌نشده اصلاحیِ ردشده را پس از رفعِ علت، از نو و درست می‌سازد","status":"passed","title":"اصلاحیِ ردشده را پس از رفعِ علت، از نو و درست می‌سازد","duration":21.845756000000165,"failureMessages":[],"meta":{}},{"ancestorTitles":["بازسازیِ صورتحسابِ اصلاحیِ فرستاده‌نشده"],"fullName":"بازسازیِ صورتحسابِ اصلاحیِ فرستاده‌نشده صورتحسابی که به سامانه رسیده را هرگز از نو نمی‌سازد","status":"passed","title":"صورتحسابی که به سامانه رسیده را هرگز از نو نمی‌سازد","duration":12.501938999999766,"failureMessages":[],"meta":{}},{"ancestorTitles":["بازسازیِ صورتحسابِ اصلاحیِ فرستاده‌نشده"],"fullName":"بازسازیِ صورتحسابِ اصلاحیِ فرستاده‌نشده صورتحسابِ فروش را بازسازی نمی‌کند (فقط اصلاحی)","status":"passed","title":"صورتحسابِ فروش را بازسازی نمی‌کند (فقط اصلاحی)","duration":9.516293000000132,"failureMessages":[],"meta":{}}],"startTime":1789753267907,"endTime":1789753268047.5164,"status":"passed","message":"","name":"/home/user/set-shop/packages/tax/src/tax.test.ts"},{"assertionResults":[{"ancestorTitles":["فیلترِ خطا — ترجمه‌ی خطاهای خام به قراردادِ پاسخ"],"fullName":"فیلترِ خطا — ترجمه‌ی خطاهای خام به قراردادِ پاسخ قالبِ نامعتبر (مانندِ uuidِ خراب در نشانی) را ۴۰۰ می‌دهد، نه ۵۰۰","status":"passed","title":"قالبِ نامعتبر (مانندِ uuidِ خراب در نشانی) را ۴۰۰ می‌دهد، نه ۵۰۰","duration":1.4440759999999955,"failureMessages":[],"meta":{}},{"ancestorTitles":["فیلترِ خطا — ترجمه‌ی خطاهای خام به قراردادِ پاسخ"],"fullName":"فیلترِ خطا — ترجمه‌ی خطاهای خام به قراردادِ پاسخ مقدارِ تکراری (۲۳۵۰۵) را ۴۰۹ می‌دهد","status":"passed","title":"مقدارِ تکراری (۲۳۵۰۵) را ۴۰۹ می‌دهد","duration":0.2786670000000413,"failureMessages":[],"meta":{}},{"ancestorTitles":["فیلترِ خطا — ترجمه‌ی خطاهای خام به قراردادِ پاسخ"],"fullName":"فیلترِ خطا — ترجمه‌ی خطاهای خام به قراردادِ پاسخ کلیدِ خارجیِ نامعتبر (۲۳۵۰۳) را ۴۰۰ می‌دهد، نه ۵۰۰","status":"passed","title":"کلیدِ خارجیِ نامعتبر (۲۳۵۰۳) را ۴۰۰ می‌دهد، نه ۵۰۰","duration":0.30553500000007716,"failureMessages":[],"meta":{}},{"ancestorTitles":["فیلترِ خطا — ترجمه‌ی خطاهای خام به قراردادِ پاسخ"],"fullName":"فیلترِ خطا — ترجمه‌ی خطاهای خام به قراردادِ پاسخ نقضِ قید (۲۳۵۱۴) را ۴۰۰ می‌دهد","status":"passed","title":"نقضِ قید (۲۳۵۱۴) را ۴۰۰ می‌دهد","duration":0.12393200000008164,"failureMessages":[],"meta":{}},{"ancestorTitles":["فیلترِ خطا — ترجمه‌ی خطاهای خام به قراردادِ پاسخ"],"fullName":"فیلترِ خطا — ترجمه‌ی خطاهای خام به قراردادِ پاسخ خطای ناشناخته را ۵۰۰ می‌دهد، با traceId و بدون نشتِ پیامِ داخلی","status":"passed","title":"خطای ناشناخته را ۵۰۰ می‌دهد، با traceId و بدون نشتِ پیامِ داخلی","duration":8.280655000000024,"failureMessages":[],"meta":{}},{"ancestorTitles":["فیلترِ خطا — ترجمه‌ی خطاهای خام به قراردادِ پاسخ"],"fullName":"فیلترِ خطا — ترجمه‌ی خطاهای خام به قراردادِ پاسخ هر پاسخِ خطا traceId دارد تا در لاگ قابل پیگیری باشد","status":"passed","title":"هر پاسخِ خطا traceId دارد تا در لاگ قابل پیگیری باشد","duration":0.18974900000000616,"failureMessages":[],"meta":{}}],"startTime":1789753609205,"endTime":1789753609216.2808,"status":"passed","message":"","name":"/home/user/set-shop/apps/api/src/app-error.filter.test.ts"},{"assertionResults":[{"ancestorTitles":["میان‌گیرِ BigInt"],"fullName":"میان‌گیرِ BigInt مبلغِ ریالی را به رشته تبدیل می‌کند تا JSON نشکند","status":"passed","title":"مبلغِ ریالی را به رشته تبدیل می‌کند تا JSON نشکند","duration":1.4238169999999855,"failureMessages":[],"meta":{}},{"ancestorTitles":["میان‌گیرِ BigInt"],"fullName":"میان‌گیرِ BigInt در ساختارهایِ تو‌در‌تو و آرایه‌ها هم کار می‌کند","status":"passed","title":"در ساختارهایِ تو‌در‌تو و آرایه‌ها هم کار می‌کند","duration":0.27463500000004615,"failureMessages":[],"meta":{}},{"ancestorTitles":["میان‌گیرِ BigInt"],"fullName":"میان‌گیرِ BigInt تاریخ و تهی را دست‌نخورده می‌گذارد","status":"passed","title":"تاریخ و تهی را دست‌نخورده می‌گذارد","duration":0.2897500000000264,"failureMessages":[],"meta":{}},{"ancestorTitles":["میان‌گیرِ BigInt"],"fullName":"میان‌گیرِ BigInt ساختارِ بسیار عمیق یا چرخه‌ای را بی‌پایان دنبال نمی‌کند","status":"passed","title":"ساختارِ بسیار عمیق یا چرخه‌ای را بی‌پایان دنبال نمی‌کند","duration":0.13737400000002253,"failureMessages":[],"meta":{}}],"startTime":1789753609539,"endTime":1789753609541.2898,"status":"passed","message":"","name":"/home/user/set-shop/apps/api/src/bigint.interceptor.test.ts"},{"assertionResults":[{"ancestorTitles":["قلابِ نشانیِ مشتری (بر رویِ سوکتِ زنده)"],"fullName":"قلابِ نشانیِ مشتری (بر رویِ سوکتِ زنده) بی‌فهرستِ اعتماد: سرآیندِ جعلیِ کلاینت نادیده گرفته می‌شود","status":"passed","title":"بی‌فهرستِ اعتماد: سرآیندِ جعلیِ کلاینت نادیده گرفته می‌شود","duration":181.722373,"failureMessages":[],"meta":{}},{"ancestorTitles":["قلابِ نشانیِ مشتری (بر رویِ سوکتِ زنده)"],"fullName":"قلابِ نشانیِ مشتری (بر رویِ سوکتِ زنده) با پروکسیِ قابلِ اعتماد: آخرینِ مقدارِ افزوده‌شده (کارِ nginx) خوانده می‌شود","status":"passed","title":"با پروکسیِ قابلِ اعتماد: آخرینِ مقدارِ افزوده‌شده (کارِ nginx) خوانده می‌شود","duration":6.72793299999995,"failureMessages":[],"meta":{}},{"ancestorTitles":["قلابِ نشانیِ مشتری (بر رویِ سوکتِ زنده)"],"fullName":"قلابِ نشانیِ مشتری (بر رویِ سوکتِ زنده) تماسِ درونیِ وب: x-set-client-ip پذیرفته می‌شود","status":"passed","title":"تماسِ درونیِ وب: x-set-client-ip پذیرفته می‌شود","duration":3.8998770000000036,"failureMessages":[],"meta":{}},{"ancestorTitles":["قلابِ نشانیِ مشتری (بر رویِ سوکتِ زنده)"],"fullName":"قلابِ نشانیِ مشتری (بر رویِ سوکتِ زنده) بی‌کلیدِ درونی، همان سرآیند هیچ قدرتی ندارد","status":"passed","title":"بی‌کلیدِ درونی، همان سرآیند هیچ قدرتی ندارد","duration":3.5622280000000046,"failureMessages":[],"meta":{}},{"ancestorTitles":["قلابِ نشانیِ مشتری (بر رویِ سوکتِ زنده)"],"fullName":"قلابِ نشانیِ مشتری (بر رویِ سوکتِ زنده) با تنظیمِ TRUST_WEB_CLIENT_IP=false، سرآیندِ وب هم بی‌اثر است","status":"passed","title":"با تنظیمِ TRUST_WEB_CLIENT_IP=false، سرآیندِ وب هم بی‌اثر است","duration":3.5444439999999986,"failureMessages":[],"meta":{}}],"startTime":1789753590278,"endTime":1789753590477.5444,"status":"passed","message":"","name":"/home/user/set-shop/apps/api/src/client-ip-hook.test.ts"},{"assertionResults":[{"ancestorTitles":["نشانیِ بازدیدکننده"],"fullName":"نشانیِ بازدیدکننده از یک همسایه‌یِ ناامید، هیچ سرآیندی باور نمی‌شود","status":"passed","title":"از یک همسایه‌یِ ناامید، هیچ سرآیندی باور نمی‌شود","duration":1.0638469999999813,"failureMessages":[],"meta":{}},{"ancestorTitles":["نشانیِ بازدیدکننده"],"fullName":"نشانیِ بازدیدکننده ساختارشکنیِ مهارِ نرخ: جعلِ X-Forwarded-For نشانی را عوض نمی‌کند","status":"passed","title":"ساختارشکنیِ مهارِ نرخ: جعلِ X-Forwarded-For نشانی را عوض نمی‌کند","duration":0.28687999999999647,"failureMessages":[],"meta":{}},{"ancestorTitles":["نشانیِ بازدیدکننده"],"fullName":"نشانیِ بازدیدکننده پروکسیِ قابلِ اعتماد: آخرینِ مقدارِ افزوده‌شده خوانده می‌شود، نه نخستین","status":"passed","title":"پروکسیِ قابلِ اعتماد: آخرینِ مقدارِ افزوده‌شده خوانده می‌شود، نه نخستین","duration":0.25911300000001347,"failureMessages":[],"meta":{}},{"ancestorTitles":["نشانیِ بازدیدکننده"],"fullName":"نشانیِ بازدیدکننده X-Real-IP (همان $remote_addr) بر XFF مقدم است","status":"passed","title":"X-Real-IP (همان $remote_addr) بر XFF مقدم است","duration":0.16225399999999013,"failureMessages":[],"meta":{}},{"ancestorTitles":["نشانیِ بازدیدکننده"],"fullName":"نشانیِ بازدیدکننده پیشوندِ شبکه هم پذیرفته می‌شود (وب و API در دو کانتینرِ یک میزبان)","status":"passed","title":"پیشوندِ شبکه هم پذیرفته می‌شود (وب و API در دو کانتینرِ یک میزبان)","duration":0.2854370000000017,"failureMessages":[],"meta":{}},{"ancestorTitles":["نشانیِ بازدیدکننده"],"fullName":"نشانیِ بازدیدکننده نشانیِ socketِ IPv4-mapped (::ffff:…) پیش ازِ مقایسه پاک می‌شود","status":"passed","title":"نشانیِ socketِ IPv4-mapped (::ffff:…) پیش ازِ مقایسه پاک می‌شود","duration":0.09350299999999834,"failureMessages":[],"meta":{}},{"ancestorTitles":["نشانیِ بازدیدکننده"],"fullName":"نشانیِ بازدیدکننده تماسِ درونیِ وب: x-set-client-ip باور می‌شود، و بی‌آن بی‌اعتبار است","status":"passed","title":"تماسِ درونیِ وب: x-set-client-ip باور می‌شود، و بی‌آن بی‌اعتبار است","duration":0.13812699999999722,"failureMessages":[],"meta":{}},{"ancestorTitles":["نشانیِ بازدیدکننده"],"fullName":"نشانیِ بازدیدکننده میانجیِ بی‌کلیدِ درونی هم نشانی را می‌رساند، اگر همتا قابلِ اعتماد باشد","status":"passed","title":"میانجیِ بی‌کلیدِ درونی هم نشانی را می‌رساند، اگر همتا قابلِ اعتماد باشد","duration":0.11546399999997448,"failureMessages":[],"meta":{}},{"ancestorTitles":["نشانیِ بازدیدکننده"],"fullName":"نشانیِ بازدیدکننده همسایه‌یِ بی‌نام به «ناشناس» نمی‌افتد بی‌آنکه داده از دست برود","status":"passed","title":"همسایه‌یِ بی‌نام به «ناشناس» نمی‌افتد بی‌آنکه داده از دست برود","duration":0.25869199999999637,"failureMessages":[],"meta":{}},{"ancestorTitles":["نشانیِ بازدیدکننده"],"fullName":"نشانیِ بازدیدکننده فهرستِ تهی یعنی «هیچ پروکسی‌ای نیست» (نه «همه پروکسی‌اند»)","status":"passed","title":"فهرستِ تهی یعنی «هیچ پروکسی‌ای نیست» (نه «همه پروکسی‌اند»)","duration":1.085189000000014,"failureMessages":[],"meta":{}}],"startTime":1789753589378,"endTime":1789753589382.0852,"status":"passed","message":"","name":"/home/user/set-shop/apps/api/src/client-ip.test.ts"},{"assertionResults":[{"ancestorTitles":["کلیدِ امضا در تولید"],"fullName":"کلیدِ امضا در تولید بی‌کلید بالا نمی‌آید — به‌جایِ سقوط در ابهام، همان آغاز خطا می‌دهد","status":"passed","title":"بی‌کلید بالا نمی‌آید — به‌جایِ سقوط در ابهام، همان آغاز خطا می‌دهد","duration":3.787434000000019,"failureMessages":[],"meta":{}},{"ancestorTitles":["کلیدِ امضا در تولید"],"fullName":"کلیدِ امضا در تولید کلیدِ توسعه را حتی اگر دستی تنظیم شده باشد رد می‌کند","status":"passed","title":"کلیدِ توسعه را حتی اگر دستی تنظیم شده باشد رد می‌کند","duration":0.8951880000000187,"failureMessages":[],"meta":{}},{"ancestorTitles":["کلیدِ امضا در تولید"],"fullName":"کلیدِ امضا در تولید کلیدِ کوتاه (کمتر از ۳۲ نویسه) را رد می‌کند","status":"passed","title":"کلیدِ کوتاه (کمتر از ۳۲ نویسه) را رد می‌کند","duration":0.9407539999999983,"failureMessages":[],"meta":{}},{"ancestorTitles":["کلیدِ امضا در تولید"],"fullName":"کلیدِ امضا در تولید کلیدِ بلندِ تزریق‌شده پذیرفته است","status":"passed","title":"کلیدِ بلندِ تزریق‌شده پذیرفته است","duration":0.7776829999999961,"failureMessages":[],"meta":{}},{"ancestorTitles":["کلیدِ امضا در تولید"],"fullName":"کلیدِ امضا در تولید در توسعه بی‌کلید هم بالا می‌آید (وگرنه هر اجرایِ محلی نیاز به تنظیم داشت)","status":"passed","title":"در توسعه بی‌کلید هم بالا می‌آید (وگرنه هر اجرایِ محلی نیاز به تنظیم داشت)","duration":0.8085149999999999,"failureMessages":[],"meta":{}},{"ancestorTitles":["مبدأهایِ مجاز (CORS)"],"fullName":"مبدأهایِ مجاز (CORS) بی‌تنظیم، همان نشانیِ فروشگاه است — نه «همه‌یِ دنیا»","status":"passed","title":"بی‌تنظیم، همان نشانیِ فروشگاه است — نه «همه‌یِ دنیا»","duration":1.329166000000015,"failureMessages":[],"meta":{}},{"ancestorTitles":["مبدأهایِ مجاز (CORS)"],"fullName":"مبدأهایِ مجاز (CORS) فهرستِ جدا‌شده با ویرگول پذیرفته و پیراسته می‌شود","status":"passed","title":"فهرستِ جدا‌شده با ویرگول پذیرفته و پیراسته می‌شود","duration":0.4702570000000037,"failureMessages":[],"meta":{}}],"startTime":1789753608367,"endTime":1789753608376.4702,"status":"passed","message":"","name":"/home/user/set-shop/apps/api/src/config.test.ts"},{"assertionResults":[{"ancestorTitles":["کارنامه‌ی تنظیمات"],"fullName":"کارنامه‌ی تنظیمات هر کلید یکتاست و گروهی شناخته‌شده دارد","status":"passed","title":"هر کلید یکتاست و گروهی شناخته‌شده دارد","duration":1.7960860000000025,"failureMessages":[],"meta":{}},{"ancestorTitles":["کارنامه‌ی تنظیمات"],"fullName":"کارنامه‌ی تنظیمات کلیدِ ناشناخته را نمی‌پذیرد (راهِ ساختِ تنظیم از بیرون بسته است)","status":"passed","title":"کلیدِ ناشناخته را نمی‌پذیرد (راهِ ساختِ تنظیم از بیرون بسته است)","duration":0.2842509999999834,"failureMessages":[],"meta":{}},{"ancestorTitles":["اعتبارسنجی"],"fullName":"اعتبارسنجی ارقامِ فارسی را در عددها می‌پذیرد — کاربر با کیبوردِ فارسی می‌نویسد","status":"passed","title":"ارقامِ فارسی را در عددها می‌پذیرد — کاربر با کیبوردِ فارسی می‌نویسد","duration":0.26335799999998244,"failureMessages":[],"meta":{}},{"ancestorTitles":["اعتبارسنجی"],"fullName":"اعتبارسنجی مقدارِ نامعتبر را با پیامِ فارسی رد می‌کند، نه با خطایِ کلی","status":"passed","title":"مقدارِ نامعتبر را با پیامِ فارسی رد می‌کند، نه با خطایِ کلی","duration":0.3389880000000005,"failureMessages":[],"meta":{}},{"ancestorTitles":["اعتبارسنجی"],"fullName":"اعتبارسنجی بله/خیر را به درست/غلط برمی‌گرداند","status":"passed","title":"بله/خیر را به درست/غلط برمی‌گرداند","duration":0.1642479999999864,"failureMessages":[],"meta":{}},{"ancestorTitles":["اعتبارسنجی"],"fullName":"اعتبارسنجی در گزینه‌ای، مقدارِ بیرون از فهرست را رد می‌کند","status":"passed","title":"در گزینه‌ای، مقدارِ بیرون از فهرست را رد می‌کند","duration":0.10797499999998195,"failureMessages":[],"meta":{}},{"ancestorTitles":["اعتبارسنجی"],"fullName":"اعتبارسنجی شناسه‌یِ ملی و کدِ پستی را یکسان‌سازی می‌کند (ارقامِ فارسی و فاصله)","status":"passed","title":"شناسه‌یِ ملی و کدِ پستی را یکسان‌سازی می‌کند (ارقامِ فارسی و فاصله)","duration":0.21437700000001314,"failureMessages":[],"meta":{}},{"ancestorTitles":["کلیدهایِ محرمانه"],"fullName":"کلیدهایِ محرمانه کلیدِ درگاه را کامل بیرون نمی‌دهد","status":"passed","title":"کلیدِ درگاه را کامل بیرون نمی‌دهد","duration":0.22162900000000718,"failureMessages":[],"meta":{}},{"ancestorTitles":["کلیدهایِ محرمانه"],"fullName":"کلیدهایِ محرمانه تنظیماتِ عادی را پوشانده نمی‌کند","status":"passed","title":"تنظیماتِ عادی را پوشانده نمی‌کند","duration":0.17053300000000604,"failureMessages":[],"meta":{}},{"ancestorTitles":["متنِ پیامک"],"fullName":"متنِ پیامک متغیرها را از متن استخراج می‌کند","status":"passed","title":"متغیرها را از متن استخراج می‌کند","duration":0.6474769999999808,"failureMessages":[],"meta":{}},{"ancestorTitles":["متنِ پیامک"],"fullName":"متنِ پیامک قالبِ کدِ ورود در کارنامه هست و متغیرهایش کامل است","status":"passed","title":"قالبِ کدِ ورود در کارنامه هست و متغیرهایش کامل است","duration":0.6760610000000042,"failureMessages":[],"meta":{}},{"ancestorTitles":["تهی نگذاشتن (خطایِ بی‌صدایِ صفر)"],"fullName":"تهی نگذاشتن (خطایِ بی‌صدایِ صفر) خالی گذاشتنِ نرخِ مالیات پذیرفته نمی‌شود — وگرنه بی‌صدا صفر می‌شد","status":"passed","title":"خالی گذاشتنِ نرخِ مالیات پذیرفته نمی‌شود — وگرنه بی‌صدا صفر می‌شد","duration":0.175358000000017,"failureMessages":[],"meta":{}},{"ancestorTitles":["تهی نگذاشتن (خطایِ بی‌صدایِ صفر)"],"fullName":"تهی نگذاشتن (خطایِ بی‌صدایِ صفر) صفرِ واقعی هنوز پذیرفته است (سقفِ چک می‌تواند صفر باشد)","status":"passed","title":"صفرِ واقعی هنوز پذیرفته است (سقفِ چک می‌تواند صفر باشد)","duration":0.3029420000000016,"failureMessages":[],"meta":{}}],"startTime":1789753589965,"endTime":1789753589970.303,"status":"passed","message":"","name":"/home/user/set-shop/apps/api/src/settings-catalog.test.ts"}]}